<?xml version="1.0" encoding="UTF-8"?>
<testsuite name="com.ceiba.core.controlador.ConsultaControladorVehiculoTest" tests="1" skipped="0" failures="0" errors="0" timestamp="2019-06-05T21:33:50" hostname="JESUS-GOMEZ" time="0.021">
  <properties/>
  <testcase name="listar" classname="com.ceiba.core.controlador.ConsultaControladorVehiculoTest" time="0.021"/>
  <system-out><![CDATA[2019-06-05 16:33:47.708  INFO 14588 --- [    Test worker] o.s.t.c.support.AbstractContextLoader    : Could not detect default resource locations for test class [com.ceiba.core.controlador.ConsultaControladorVehiculoTest]: no resource found for suffixes {-context.xml, Context.groovy}.
2019-06-05 16:33:47.715  INFO 14588 --- [    Test worker] .b.t.a.w.s.WebMvcTestContextBootstrapper : Loaded default TestExecutionListener class names from location [META-INF/spring.factories]: [org.springframework.boot.test.autoconfigure.restdocs.RestDocsTestExecutionListener, org.springframework.boot.test.autoconfigure.web.client.MockRestServiceServerResetTestExecutionListener, org.springframework.boot.test.autoconfigure.web.servlet.MockMvcPrintOnlyOnFailureTestExecutionListener, org.springframework.boot.test.autoconfigure.web.servlet.WebDriverTestExecutionListener, org.springframework.boot.test.mock.mockito.MockitoTestExecutionListener, org.springframework.boot.test.mock.mockito.ResetMocksTestExecutionListener, org.springframework.test.context.web.ServletTestExecutionListener, org.springframework.test.context.support.DirtiesContextBeforeModesTestExecutionListener, org.springframework.test.context.support.DependencyInjectionTestExecutionListener, org.springframework.test.context.support.DirtiesContextTestExecutionListener, org.springframework.test.context.transaction.TransactionalTestExecutionListener, org.springframework.test.context.jdbc.SqlScriptsTestExecutionListener]
2019-06-05 16:33:47.717  INFO 14588 --- [    Test worker] .b.t.a.w.s.WebMvcTestContextBootstrapper : Using TestExecutionListeners: [org.springframework.test.context.web.ServletTestExecutionListener@1ed17aa9, org.springframework.test.context.support.DirtiesContextBeforeModesTestExecutionListener@2232e557, org.springframework.boot.test.mock.mockito.MockitoTestExecutionListener@11e6c612, org.springframework.boot.test.autoconfigure.SpringBootDependencyInjectionTestExecutionListener@5df0d96c, org.springframework.test.context.support.DirtiesContextTestExecutionListener@48e1f449, org.springframework.test.context.transaction.TransactionalTestExecutionListener@7dcca85f, org.springframework.test.context.jdbc.SqlScriptsTestExecutionListener@5a3d37a2, org.springframework.boot.test.autoconfigure.restdocs.RestDocsTestExecutionListener@15dae30, org.springframework.boot.test.autoconfigure.web.client.MockRestServiceServerResetTestExecutionListener@46d941ee, org.springframework.boot.test.autoconfigure.web.servlet.MockMvcPrintOnlyOnFailureTestExecutionListener@5ecf973a, org.springframework.boot.test.autoconfigure.web.servlet.WebDriverTestExecutionListener@6d7c2b66, org.springframework.boot.test.mock.mockito.ResetMocksTestExecutionListener@13c34d7]

  .   ____          _            __ _ _
 /\\ / ___'_ __ _ _(_)_ __  __ _ \ \ \ \
( ( )\___ | '_ | '_| | '_ \/ _` | \ \ \ \
 \\/  ___)| |_)| | | | | || (_| |  ) ) ) )
  '  |____| .__|_| |_|_| |_\__, | / / / /
 =========|_|==============|___/=/_/_/_/
 :: Spring Boot ::        (v2.1.2.RELEASE)

2019-06-05 16:33:47.812  INFO 14588 --- [    Test worker] c.c.c.c.ConsultaControladorVehiculoTest  : Starting ConsultaControladorVehiculoTest on JESUS-GOMEZ with PID 14588 (started by jesus.gomez in C:\Users\jesus.gomez\eclipse-workspace\estacionamiento_adn_ceiba\parqueadero\consulta\consulta-infraestructura)
2019-06-05 16:33:47.815  INFO 14588 --- [    Test worker] c.c.c.c.ConsultaControladorVehiculoTest  : No active profile set, falling back to default profiles: default
2019-06-05 16:33:48.719  INFO 14588 --- [    Test worker] com.zaxxer.hikari.HikariDataSource       : pool - Starting...
2019-06-05 16:33:48.721  INFO 14588 --- [    Test worker] com.zaxxer.hikari.HikariDataSource       : pool - Start completed.
2019-06-05 16:33:49.601  INFO 14588 --- [    Test worker] pertySourcedRequestMappingHandlerMapping : Mapped URL path [/v2/api-docs] onto method [public org.springframework.http.ResponseEntity<springfox.documentation.spring.web.json.Json> springfox.documentation.swagger2.web.Swagger2Controller.getDocumentation(java.lang.String,javax.servlet.http.HttpServletRequest)]
2019-06-05 16:33:49.607  INFO 14588 --- [    Test worker] o.s.j.d.e.EmbeddedDatabaseFactory        : Starting embedded database: url='jdbc:h2:mem:testdb;DB_CLOSE_DELAY=-1;DB_CLOSE_ON_EXIT=false', username='sa'
2019-06-05 16:33:49.622  INFO 14588 --- [    Test worker] o.f.c.internal.database.DatabaseFactory  : Database: jdbc:h2:mem:testdb (H2 1.4)
2019-06-05 16:33:49.650  INFO 14588 --- [    Test worker] o.f.core.internal.command.DbValidate     : Successfully validated 2 migrations (execution time 00:00.015s)
2019-06-05 16:33:49.660  INFO 14588 --- [    Test worker] o.f.core.internal.command.DbMigrate      : Current version of schema "PUBLIC": 1.1
2019-06-05 16:33:49.661  INFO 14588 --- [    Test worker] o.f.core.internal.command.DbMigrate      : Schema "PUBLIC" is up to date. No migration necessary.
2019-06-05 16:33:50.051  INFO 14588 --- [    Test worker] o.s.s.concurrent.ThreadPoolTaskExecutor  : Initializing ExecutorService 'applicationTaskExecutor'
2019-06-05 16:33:50.399  INFO 14588 --- [    Test worker] o.s.b.t.m.w.SpringBootMockServletContext : Initializing Spring TestDispatcherServlet ''
2019-06-05 16:33:50.400  INFO 14588 --- [    Test worker] o.s.t.web.servlet.TestDispatcherServlet  : Initializing Servlet ''
2019-06-05 16:33:50.425  INFO 14588 --- [    Test worker] o.s.t.web.servlet.TestDispatcherServlet  : Completed initialization in 24 ms
2019-06-05 16:33:50.477  INFO 14588 --- [    Test worker] d.s.w.p.DocumentationPluginsBootstrapper : Context refreshed
2019-06-05 16:33:50.479  INFO 14588 --- [    Test worker] d.s.w.p.DocumentationPluginsBootstrapper : Found 1 custom documentation plugin(s)
2019-06-05 16:33:50.492  INFO 14588 --- [    Test worker] s.d.s.w.s.ApiListingReferenceScanner     : Scanning for api listing references
2019-06-05 16:33:50.532  INFO 14588 --- [    Test worker] .d.s.w.r.o.CachingOperationNameGenerator : Generating unique operation named: listarUsingGET_1
2019-06-05 16:33:50.543  INFO 14588 --- [    Test worker] c.c.c.c.ConsultaControladorVehiculoTest  : Started ConsultaControladorVehiculoTest in 2.819 seconds (JVM running for 19.193)
]]></system-out>
  <system-err><![CDATA[]]></system-err>
</testsuite>
