<?xml version="1.0" encoding="UTF-8"?>
<testsuite name="com.ceiba.core.controlador.ConsultaControladorVehiculoTest" tests="1" skipped="0" failures="0" errors="0" timestamp="2019-06-12T15:10:58" hostname="JESUS-GOMEZ" time="0.02">
  <properties/>
  <testcase name="listar" classname="com.ceiba.core.controlador.ConsultaControladorVehiculoTest" time="0.02"/>
  <system-out><![CDATA[2019-06-12 10:10:55.207  INFO 11036 --- [    Test worker] o.s.t.c.support.AbstractContextLoader    : Could not detect default resource locations for test class [com.ceiba.core.controlador.ConsultaControladorVehiculoTest]: no resource found for suffixes {-context.xml, Context.groovy}.
2019-06-12 10:10:55.216  INFO 11036 --- [    Test worker] .b.t.a.w.s.WebMvcTestContextBootstrapper : Loaded default TestExecutionListener class names from location [META-INF/spring.factories]: [org.springframework.boot.test.autoconfigure.restdocs.RestDocsTestExecutionListener, org.springframework.boot.test.autoconfigure.web.client.MockRestServiceServerResetTestExecutionListener, org.springframework.boot.test.autoconfigure.web.servlet.MockMvcPrintOnlyOnFailureTestExecutionListener, org.springframework.boot.test.autoconfigure.web.servlet.WebDriverTestExecutionListener, org.springframework.boot.test.mock.mockito.MockitoTestExecutionListener, org.springframework.boot.test.mock.mockito.ResetMocksTestExecutionListener, org.springframework.test.context.web.ServletTestExecutionListener, org.springframework.test.context.support.DirtiesContextBeforeModesTestExecutionListener, org.springframework.test.context.support.DependencyInjectionTestExecutionListener, org.springframework.test.context.support.DirtiesContextTestExecutionListener, org.springframework.test.context.transaction.TransactionalTestExecutionListener, org.springframework.test.context.jdbc.SqlScriptsTestExecutionListener]
2019-06-12 10:10:55.217  INFO 11036 --- [    Test worker] .b.t.a.w.s.WebMvcTestContextBootstrapper : Using TestExecutionListeners: [org.springframework.test.context.web.ServletTestExecutionListener@395cab99, org.springframework.test.context.support.DirtiesContextBeforeModesTestExecutionListener@10a6c115, org.springframework.boot.test.mock.mockito.MockitoTestExecutionListener@23a048da, org.springframework.boot.test.autoconfigure.SpringBootDependencyInjectionTestExecutionListener@132b06, org.springframework.test.context.support.DirtiesContextTestExecutionListener@5c4f48fe, org.springframework.test.context.transaction.TransactionalTestExecutionListener@7a47840b, org.springframework.test.context.jdbc.SqlScriptsTestExecutionListener@5b00e501, org.springframework.boot.test.autoconfigure.restdocs.RestDocsTestExecutionListener@42d2be7c, org.springframework.boot.test.autoconfigure.web.client.MockRestServiceServerResetTestExecutionListener@64fc1660, org.springframework.boot.test.autoconfigure.web.servlet.MockMvcPrintOnlyOnFailureTestExecutionListener@225db128, org.springframework.boot.test.autoconfigure.web.servlet.WebDriverTestExecutionListener@7e29708f, org.springframework.boot.test.mock.mockito.ResetMocksTestExecutionListener@295f0068]

  .   ____          _            __ _ _
 /\\ / ___'_ __ _ _(_)_ __  __ _ \ \ \ \
( ( )\___ | '_ | '_| | '_ \/ _` | \ \ \ \
 \\/  ___)| |_)| | | | | || (_| |  ) ) ) )
  '  |____| .__|_| |_|_| |_\__, | / / / /
 =========|_|==============|___/=/_/_/_/
 :: Spring Boot ::        (v2.1.2.RELEASE)

2019-06-12 10:10:55.331  INFO 11036 --- [    Test worker] c.c.c.c.ConsultaControladorVehiculoTest  : Starting ConsultaControladorVehiculoTest on JESUS-GOMEZ with PID 11036 (started by jesus.gomez in C:\Users\jesus.gomez\eclipse-workspace\estacionamiento_adn_ceiba\parqueadero\consulta\consulta-infraestructura)
2019-06-12 10:10:55.333  INFO 11036 --- [    Test worker] c.c.c.c.ConsultaControladorVehiculoTest  : No active profile set, falling back to default profiles: default
2019-06-12 10:10:56.262  INFO 11036 --- [    Test worker] com.zaxxer.hikari.HikariDataSource       : pool - Starting...
2019-06-12 10:10:56.264  INFO 11036 --- [    Test worker] com.zaxxer.hikari.HikariDataSource       : pool - Start completed.
2019-06-12 10:10:57.211  INFO 11036 --- [    Test worker] pertySourcedRequestMappingHandlerMapping : Mapped URL path [/v2/api-docs] onto method [public org.springframework.http.ResponseEntity<springfox.documentation.spring.web.json.Json> springfox.documentation.swagger2.web.Swagger2Controller.getDocumentation(java.lang.String,javax.servlet.http.HttpServletRequest)]
2019-06-12 10:10:57.219  INFO 11036 --- [    Test worker] o.s.j.d.e.EmbeddedDatabaseFactory        : Starting embedded database: url='jdbc:h2:mem:testdb;DB_CLOSE_DELAY=-1;DB_CLOSE_ON_EXIT=false', username='sa'
2019-06-12 10:10:57.274  INFO 11036 --- [    Test worker] o.f.c.internal.database.DatabaseFactory  : Database: jdbc:h2:mem:testdb (H2 1.4)
2019-06-12 10:10:57.309  INFO 11036 --- [    Test worker] o.f.core.internal.command.DbValidate     : Successfully validated 2 migrations (execution time 00:00.012s)
2019-06-12 10:10:57.317  INFO 11036 --- [    Test worker] o.f.core.internal.command.DbMigrate      : Current version of schema "PUBLIC": 1.1
2019-06-12 10:10:57.318  INFO 11036 --- [    Test worker] o.f.core.internal.command.DbMigrate      : Schema "PUBLIC" is up to date. No migration necessary.
2019-06-12 10:10:57.654  INFO 11036 --- [    Test worker] o.s.s.concurrent.ThreadPoolTaskExecutor  : Initializing ExecutorService 'applicationTaskExecutor'
2019-06-12 10:10:58.068  INFO 11036 --- [    Test worker] o.s.b.t.m.w.SpringBootMockServletContext : Initializing Spring TestDispatcherServlet ''
2019-06-12 10:10:58.069  INFO 11036 --- [    Test worker] o.s.t.web.servlet.TestDispatcherServlet  : Initializing Servlet ''
2019-06-12 10:10:58.103  INFO 11036 --- [    Test worker] o.s.t.web.servlet.TestDispatcherServlet  : Completed initialization in 34 ms
2019-06-12 10:10:58.161  INFO 11036 --- [    Test worker] d.s.w.p.DocumentationPluginsBootstrapper : Context refreshed
2019-06-12 10:10:58.162  INFO 11036 --- [    Test worker] d.s.w.p.DocumentationPluginsBootstrapper : Found 1 custom documentation plugin(s)
2019-06-12 10:10:58.182  INFO 11036 --- [    Test worker] s.d.s.w.s.ApiListingReferenceScanner     : Scanning for api listing references
2019-06-12 10:10:58.235  INFO 11036 --- [    Test worker] .d.s.w.r.o.CachingOperationNameGenerator : Generating unique operation named: listarUsingGET_1
2019-06-12 10:10:58.242  INFO 11036 --- [    Test worker] c.c.c.c.ConsultaControladorVehiculoTest  : Started ConsultaControladorVehiculoTest in 3.014 seconds (JVM running for 18.695)
]]></system-out>
  <system-err><![CDATA[]]></system-err>
</testsuite>
