<?xml version="1.0" encoding="UTF-8"?>
<testsuite name="com.ceiba.core.controlador.ConsultaControladorVehiculoTest" tests="1" skipped="0" failures="0" errors="0" timestamp="2019-06-07T19:19:48" hostname="JESUS-GOMEZ" time="0.017">
  <properties/>
  <testcase name="listar" classname="com.ceiba.core.controlador.ConsultaControladorVehiculoTest" time="0.017"/>
  <system-out><![CDATA[2019-06-07 14:19:45.304  INFO 10444 --- [    Test worker] o.s.t.c.support.AbstractContextLoader    : Could not detect default resource locations for test class [com.ceiba.core.controlador.ConsultaControladorVehiculoTest]: no resource found for suffixes {-context.xml, Context.groovy}.
2019-06-07 14:19:45.313  INFO 10444 --- [    Test worker] .b.t.a.w.s.WebMvcTestContextBootstrapper : Loaded default TestExecutionListener class names from location [META-INF/spring.factories]: [org.springframework.boot.test.autoconfigure.restdocs.RestDocsTestExecutionListener, org.springframework.boot.test.autoconfigure.web.client.MockRestServiceServerResetTestExecutionListener, org.springframework.boot.test.autoconfigure.web.servlet.MockMvcPrintOnlyOnFailureTestExecutionListener, org.springframework.boot.test.autoconfigure.web.servlet.WebDriverTestExecutionListener, org.springframework.boot.test.mock.mockito.MockitoTestExecutionListener, org.springframework.boot.test.mock.mockito.ResetMocksTestExecutionListener, org.springframework.test.context.web.ServletTestExecutionListener, org.springframework.test.context.support.DirtiesContextBeforeModesTestExecutionListener, org.springframework.test.context.support.DependencyInjectionTestExecutionListener, org.springframework.test.context.support.DirtiesContextTestExecutionListener, org.springframework.test.context.transaction.TransactionalTestExecutionListener, org.springframework.test.context.jdbc.SqlScriptsTestExecutionListener]
2019-06-07 14:19:45.314  INFO 10444 --- [    Test worker] .b.t.a.w.s.WebMvcTestContextBootstrapper : Using TestExecutionListeners: [org.springframework.test.context.web.ServletTestExecutionListener@62b9de9c, org.springframework.test.context.support.DirtiesContextBeforeModesTestExecutionListener@291aceb3, org.springframework.boot.test.mock.mockito.MockitoTestExecutionListener@39334ef4, org.springframework.boot.test.autoconfigure.SpringBootDependencyInjectionTestExecutionListener@7e5c9da7, org.springframework.test.context.support.DirtiesContextTestExecutionListener@523de1ce, org.springframework.test.context.transaction.TransactionalTestExecutionListener@2d2dd26c, org.springframework.test.context.jdbc.SqlScriptsTestExecutionListener@eca7dd3, org.springframework.boot.test.autoconfigure.restdocs.RestDocsTestExecutionListener@14e17808, org.springframework.boot.test.autoconfigure.web.client.MockRestServiceServerResetTestExecutionListener@296fd8cb, org.springframework.boot.test.autoconfigure.web.servlet.MockMvcPrintOnlyOnFailureTestExecutionListener@6a92c138, org.springframework.boot.test.autoconfigure.web.servlet.WebDriverTestExecutionListener@376b1d5c, org.springframework.boot.test.mock.mockito.ResetMocksTestExecutionListener@28550281]

  .   ____          _            __ _ _
 /\\ / ___'_ __ _ _(_)_ __  __ _ \ \ \ \
( ( )\___ | '_ | '_| | '_ \/ _` | \ \ \ \
 \\/  ___)| |_)| | | | | || (_| |  ) ) ) )
  '  |____| .__|_| |_|_| |_\__, | / / / /
 =========|_|==============|___/=/_/_/_/
 :: Spring Boot ::        (v2.1.2.RELEASE)

2019-06-07 14:19:45.409  INFO 10444 --- [    Test worker] c.c.c.c.ConsultaControladorVehiculoTest  : Starting ConsultaControladorVehiculoTest on JESUS-GOMEZ with PID 10444 (started by jesus.gomez in C:\Users\jesus.gomez\eclipse-workspace\estacionamiento_adn_ceiba\parqueadero\consulta\consulta-infraestructura)
2019-06-07 14:19:45.411  INFO 10444 --- [    Test worker] c.c.c.c.ConsultaControladorVehiculoTest  : No active profile set, falling back to default profiles: default
2019-06-07 14:19:46.280  INFO 10444 --- [    Test worker] com.zaxxer.hikari.HikariDataSource       : pool - Starting...
2019-06-07 14:19:46.282  INFO 10444 --- [    Test worker] com.zaxxer.hikari.HikariDataSource       : pool - Start completed.
2019-06-07 14:19:47.423  INFO 10444 --- [    Test worker] pertySourcedRequestMappingHandlerMapping : Mapped URL path [/v2/api-docs] onto method [public org.springframework.http.ResponseEntity<springfox.documentation.spring.web.json.Json> springfox.documentation.swagger2.web.Swagger2Controller.getDocumentation(java.lang.String,javax.servlet.http.HttpServletRequest)]
2019-06-07 14:19:47.435  INFO 10444 --- [    Test worker] o.s.j.d.e.EmbeddedDatabaseFactory        : Starting embedded database: url='jdbc:h2:mem:testdb;DB_CLOSE_DELAY=-1;DB_CLOSE_ON_EXIT=false', username='sa'
2019-06-07 14:19:47.453  INFO 10444 --- [    Test worker] o.f.c.internal.database.DatabaseFactory  : Database: jdbc:h2:mem:testdb (H2 1.4)
2019-06-07 14:19:47.484  INFO 10444 --- [    Test worker] o.f.core.internal.command.DbValidate     : Successfully validated 2 migrations (execution time 00:00.018s)
2019-06-07 14:19:47.494  INFO 10444 --- [    Test worker] o.f.core.internal.command.DbMigrate      : Current version of schema "PUBLIC": 1.1
2019-06-07 14:19:47.496  INFO 10444 --- [    Test worker] o.f.core.internal.command.DbMigrate      : Schema "PUBLIC" is up to date. No migration necessary.
2019-06-07 14:19:47.870  INFO 10444 --- [    Test worker] o.s.s.concurrent.ThreadPoolTaskExecutor  : Initializing ExecutorService 'applicationTaskExecutor'
2019-06-07 14:19:48.247  INFO 10444 --- [    Test worker] o.s.b.t.m.w.SpringBootMockServletContext : Initializing Spring TestDispatcherServlet ''
2019-06-07 14:19:48.248  INFO 10444 --- [    Test worker] o.s.t.web.servlet.TestDispatcherServlet  : Initializing Servlet ''
2019-06-07 14:19:48.269  INFO 10444 --- [    Test worker] o.s.t.web.servlet.TestDispatcherServlet  : Completed initialization in 21 ms
2019-06-07 14:19:48.341  INFO 10444 --- [    Test worker] d.s.w.p.DocumentationPluginsBootstrapper : Context refreshed
2019-06-07 14:19:48.343  INFO 10444 --- [    Test worker] d.s.w.p.DocumentationPluginsBootstrapper : Found 1 custom documentation plugin(s)
2019-06-07 14:19:48.395  INFO 10444 --- [    Test worker] s.d.s.w.s.ApiListingReferenceScanner     : Scanning for api listing references
2019-06-07 14:19:48.436  INFO 10444 --- [    Test worker] .d.s.w.r.o.CachingOperationNameGenerator : Generating unique operation named: listarUsingGET_1
2019-06-07 14:19:48.441  INFO 10444 --- [    Test worker] c.c.c.c.ConsultaControladorVehiculoTest  : Started ConsultaControladorVehiculoTest in 3.122 seconds (JVM running for 19.748)
]]></system-out>
  <system-err><![CDATA[]]></system-err>
</testsuite>
