<?xml version="1.0" encoding="UTF-8"?>
<testsuite name="com.ceiba.core.controlador.ConsultaControladorVehiculoTest" tests="1" skipped="0" failures="0" errors="0" timestamp="2019-06-04T14:51:55" hostname="JESUS-GOMEZ" time="0.752">
  <properties/>
  <testcase name="listar" classname="com.ceiba.core.controlador.ConsultaControladorVehiculoTest" time="0.752"/>
  <system-out><![CDATA[09:51:44.556 [Test worker] DEBUG org.springframework.test.context.junit4.SpringJUnit4ClassRunner - SpringJUnit4ClassRunner constructor called with [class com.ceiba.core.controlador.ConsultaControladorVehiculoTest]
09:51:44.584 [Test worker] DEBUG org.springframework.test.context.BootstrapUtils - Instantiating CacheAwareContextLoaderDelegate from class [org.springframework.test.context.cache.DefaultCacheAwareContextLoaderDelegate]
09:51:44.625 [Test worker] DEBUG org.springframework.test.context.BootstrapUtils - Instantiating BootstrapContext using constructor [public org.springframework.test.context.support.DefaultBootstrapContext(java.lang.Class,org.springframework.test.context.CacheAwareContextLoaderDelegate)]
09:51:44.701 [Test worker] DEBUG org.springframework.test.context.BootstrapUtils - Instantiating TestContextBootstrapper for test class [com.ceiba.core.controlador.ConsultaControladorVehiculoTest] from class [org.springframework.boot.test.autoconfigure.web.servlet.WebMvcTestContextBootstrapper]
09:51:44.768 [Test worker] DEBUG org.springframework.test.context.support.AbstractContextLoader - Did not detect default resource location for test class [com.ceiba.core.controlador.ConsultaControladorVehiculoTest]: class path resource [com/ceiba/core/controlador/ConsultaControladorVehiculoTest-context.xml] does not exist
09:51:44.769 [Test worker] DEBUG org.springframework.test.context.support.AbstractContextLoader - Did not detect default resource location for test class [com.ceiba.core.controlador.ConsultaControladorVehiculoTest]: class path resource [com/ceiba/core/controlador/ConsultaControladorVehiculoTestContext.groovy] does not exist
09:51:44.770 [Test worker] INFO org.springframework.test.context.support.AbstractContextLoader - Could not detect default resource locations for test class [com.ceiba.core.controlador.ConsultaControladorVehiculoTest]: no resource found for suffixes {-context.xml, Context.groovy}.
09:51:44.980 [Test worker] DEBUG org.springframework.test.context.support.ActiveProfilesUtils - Could not find an 'annotation declaring class' for annotation type [org.springframework.test.context.ActiveProfiles] and class [com.ceiba.core.controlador.ConsultaControladorVehiculoTest]
09:51:45.000 [Test worker] DEBUG org.springframework.boot.test.autoconfigure.web.servlet.WebMvcTestContextBootstrapper - @TestExecutionListeners is not present for class [com.ceiba.core.controlador.ConsultaControladorVehiculoTest]: using defaults.
09:51:45.003 [Test worker] INFO org.springframework.boot.test.autoconfigure.web.servlet.WebMvcTestContextBootstrapper - Loaded default TestExecutionListener class names from location [META-INF/spring.factories]: [org.springframework.boot.test.autoconfigure.restdocs.RestDocsTestExecutionListener, org.springframework.boot.test.autoconfigure.web.client.MockRestServiceServerResetTestExecutionListener, org.springframework.boot.test.autoconfigure.web.servlet.MockMvcPrintOnlyOnFailureTestExecutionListener, org.springframework.boot.test.autoconfigure.web.servlet.WebDriverTestExecutionListener, org.springframework.boot.test.mock.mockito.MockitoTestExecutionListener, org.springframework.boot.test.mock.mockito.ResetMocksTestExecutionListener, org.springframework.test.context.web.ServletTestExecutionListener, org.springframework.test.context.support.DirtiesContextBeforeModesTestExecutionListener, org.springframework.test.context.support.DependencyInjectionTestExecutionListener, org.springframework.test.context.support.DirtiesContextTestExecutionListener, org.springframework.test.context.transaction.TransactionalTestExecutionListener, org.springframework.test.context.jdbc.SqlScriptsTestExecutionListener]
09:51:45.072 [Test worker] INFO org.springframework.boot.test.autoconfigure.web.servlet.WebMvcTestContextBootstrapper - Using TestExecutionListeners: [org.springframework.test.context.web.ServletTestExecutionListener@1b3ef432, org.springframework.test.context.support.DirtiesContextBeforeModesTestExecutionListener@1176771f, org.springframework.boot.test.mock.mockito.MockitoTestExecutionListener@28de4b6b, org.springframework.boot.test.autoconfigure.SpringBootDependencyInjectionTestExecutionListener@a2cfd97, org.springframework.test.context.support.DirtiesContextTestExecutionListener@66df0784, org.springframework.test.context.transaction.TransactionalTestExecutionListener@44334acf, org.springframework.test.context.jdbc.SqlScriptsTestExecutionListener@1eecd431, org.springframework.boot.test.autoconfigure.restdocs.RestDocsTestExecutionListener@7341523e, org.springframework.boot.test.autoconfigure.web.client.MockRestServiceServerResetTestExecutionListener@6d3c98f5, org.springframework.boot.test.autoconfigure.web.servlet.MockMvcPrintOnlyOnFailureTestExecutionListener@3387d2af, org.springframework.boot.test.autoconfigure.web.servlet.WebDriverTestExecutionListener@4bb2c5b2, org.springframework.boot.test.mock.mockito.ResetMocksTestExecutionListener@321bbe58]
09:51:45.085 [Test worker] DEBUG org.springframework.test.annotation.ProfileValueUtils - Retrieved @ProfileValueSourceConfiguration [null] for test class [com.ceiba.core.controlador.ConsultaControladorVehiculoTest]
09:51:45.088 [Test worker] DEBUG org.springframework.test.annotation.ProfileValueUtils - Retrieved ProfileValueSource type [class org.springframework.test.annotation.SystemProfileValueSource] for class [com.ceiba.core.controlador.ConsultaControladorVehiculoTest]
09:51:45.101 [Test worker] DEBUG org.springframework.test.annotation.ProfileValueUtils - Retrieved @ProfileValueSourceConfiguration [null] for test class [com.ceiba.core.controlador.ConsultaControladorVehiculoTest]
09:51:45.101 [Test worker] DEBUG org.springframework.test.annotation.ProfileValueUtils - Retrieved ProfileValueSource type [class org.springframework.test.annotation.SystemProfileValueSource] for class [com.ceiba.core.controlador.ConsultaControladorVehiculoTest]
09:51:45.104 [Test worker] DEBUG org.springframework.test.annotation.ProfileValueUtils - Retrieved @ProfileValueSourceConfiguration [null] for test class [com.ceiba.core.controlador.ConsultaControladorVehiculoTest]
09:51:45.105 [Test worker] DEBUG org.springframework.test.annotation.ProfileValueUtils - Retrieved ProfileValueSource type [class org.springframework.test.annotation.SystemProfileValueSource] for class [com.ceiba.core.controlador.ConsultaControladorVehiculoTest]
09:51:45.119 [Test worker] DEBUG org.springframework.test.context.support.AbstractDirtiesContextTestExecutionListener - Before test class: context [DefaultTestContext@5988346f testClass = ConsultaControladorVehiculoTest, testInstance = [null], testMethod = [null], testException = [null], mergedContextConfiguration = [WebMergedContextConfiguration@4509c9b testClass = ConsultaControladorVehiculoTest, locations = '{}', classes = '{class com.ceiba.core.ApplicationMock}', contextInitializerClasses = '[]', activeProfiles = '{}', propertySourceLocations = '{}', propertySourceProperties = '{org.springframework.boot.test.autoconfigure.web.servlet.WebMvcTestContextBootstrapper=true}', contextCustomizers = set[org.springframework.boot.test.autoconfigure.OverrideAutoConfigurationContextCustomizerFactory$DisableAutoConfigurationContextCustomizer@7ec5d6c9, org.springframework.boot.test.autoconfigure.filter.TypeExcludeFiltersContextCustomizer@b6fdc833, org.springframework.boot.test.autoconfigure.properties.PropertyMappingContextCustomizer@fe260bf2, org.springframework.boot.test.autoconfigure.web.servlet.WebDriverContextCustomizerFactory$Customizer@56680fce, [ImportsContextCustomizer@6e79c23d key = [org.springframework.boot.autoconfigure.cache.CacheAutoConfiguration, org.springframework.boot.autoconfigure.context.MessageSourceAutoConfiguration, org.springframework.boot.autoconfigure.data.web.SpringDataWebAutoConfiguration, org.springframework.boot.autoconfigure.freemarker.FreeMarkerAutoConfiguration, org.springframework.boot.autoconfigure.groovy.template.GroovyTemplateAutoConfiguration, org.springframework.boot.autoconfigure.gson.GsonAutoConfiguration, org.springframework.boot.autoconfigure.hateoas.HypermediaAutoConfiguration, org.springframework.boot.autoconfigure.http.HttpMessageConvertersAutoConfiguration, org.springframework.boot.autoconfigure.jackson.JacksonAutoConfiguration, org.springframework.boot.autoconfigure.jsonb.JsonbAutoConfiguration, org.springframework.boot.autoconfigure.mustache.MustacheAutoConfiguration, org.springframework.boot.autoconfigure.task.TaskExecutionAutoConfiguration, org.springframework.boot.autoconfigure.thymeleaf.ThymeleafAutoConfiguration, org.springframework.boot.autoconfigure.validation.ValidationAutoConfiguration, org.springframework.boot.autoconfigure.web.servlet.error.ErrorMvcAutoConfiguration, org.springframework.boot.autoconfigure.web.servlet.WebMvcAutoConfiguration, org.springframework.boot.test.autoconfigure.web.servlet.MockMvcAutoConfiguration, org.springframework.boot.test.autoconfigure.web.servlet.MockMvcSecurityAutoConfiguration, org.springframework.boot.test.autoconfigure.web.servlet.MockMvcWebClientAutoConfiguration, org.springframework.boot.test.autoconfigure.web.servlet.MockMvcWebDriverAutoConfiguration]], org.springframework.boot.test.context.filter.ExcludeFilterContextCustomizer@7f66e2d3, org.springframework.boot.test.json.DuplicateJsonObjectContextCustomizerFactory$DuplicateJsonObjectContextCustomizer@781f2238, org.springframework.boot.test.mock.mockito.MockitoContextCustomizer@0], resourceBasePath = '', contextLoader = 'org.springframework.boot.test.context.SpringBootContextLoader', parent = [null]], attributes = map[[empty]]], class annotated with @DirtiesContext [false] with mode [null].
09:51:45.123 [Test worker] DEBUG org.springframework.test.annotation.ProfileValueUtils - Retrieved @ProfileValueSourceConfiguration [null] for test class [com.ceiba.core.controlador.ConsultaControladorVehiculoTest]
09:51:45.125 [Test worker] DEBUG org.springframework.test.annotation.ProfileValueUtils - Retrieved ProfileValueSource type [class org.springframework.test.annotation.SystemProfileValueSource] for class [com.ceiba.core.controlador.ConsultaControladorVehiculoTest]
09:51:45.145 [Test worker] DEBUG org.springframework.test.context.support.DependencyInjectionTestExecutionListener - Performing dependency injection for test context [[DefaultTestContext@5988346f testClass = ConsultaControladorVehiculoTest, testInstance = com.ceiba.core.controlador.ConsultaControladorVehiculoTest@61411b33, testMethod = [null], testException = [null], mergedContextConfiguration = [WebMergedContextConfiguration@4509c9b testClass = ConsultaControladorVehiculoTest, locations = '{}', classes = '{class com.ceiba.core.ApplicationMock}', contextInitializerClasses = '[]', activeProfiles = '{}', propertySourceLocations = '{}', propertySourceProperties = '{org.springframework.boot.test.autoconfigure.web.servlet.WebMvcTestContextBootstrapper=true}', contextCustomizers = set[org.springframework.boot.test.autoconfigure.OverrideAutoConfigurationContextCustomizerFactory$DisableAutoConfigurationContextCustomizer@7ec5d6c9, org.springframework.boot.test.autoconfigure.filter.TypeExcludeFiltersContextCustomizer@b6fdc833, org.springframework.boot.test.autoconfigure.properties.PropertyMappingContextCustomizer@fe260bf2, org.springframework.boot.test.autoconfigure.web.servlet.WebDriverContextCustomizerFactory$Customizer@56680fce, [ImportsContextCustomizer@6e79c23d key = [org.springframework.boot.autoconfigure.cache.CacheAutoConfiguration, org.springframework.boot.autoconfigure.context.MessageSourceAutoConfiguration, org.springframework.boot.autoconfigure.data.web.SpringDataWebAutoConfiguration, org.springframework.boot.autoconfigure.freemarker.FreeMarkerAutoConfiguration, org.springframework.boot.autoconfigure.groovy.template.GroovyTemplateAutoConfiguration, org.springframework.boot.autoconfigure.gson.GsonAutoConfiguration, org.springframework.boot.autoconfigure.hateoas.HypermediaAutoConfiguration, org.springframework.boot.autoconfigure.http.HttpMessageConvertersAutoConfiguration, org.springframework.boot.autoconfigure.jackson.JacksonAutoConfiguration, org.springframework.boot.autoconfigure.jsonb.JsonbAutoConfiguration, org.springframework.boot.autoconfigure.mustache.MustacheAutoConfiguration, org.springframework.boot.autoconfigure.task.TaskExecutionAutoConfiguration, org.springframework.boot.autoconfigure.thymeleaf.ThymeleafAutoConfiguration, org.springframework.boot.autoconfigure.validation.ValidationAutoConfiguration, org.springframework.boot.autoconfigure.web.servlet.error.ErrorMvcAutoConfiguration, org.springframework.boot.autoconfigure.web.servlet.WebMvcAutoConfiguration, org.springframework.boot.test.autoconfigure.web.servlet.MockMvcAutoConfiguration, org.springframework.boot.test.autoconfigure.web.servlet.MockMvcSecurityAutoConfiguration, org.springframework.boot.test.autoconfigure.web.servlet.MockMvcWebClientAutoConfiguration, org.springframework.boot.test.autoconfigure.web.servlet.MockMvcWebDriverAutoConfiguration]], org.springframework.boot.test.context.filter.ExcludeFilterContextCustomizer@7f66e2d3, org.springframework.boot.test.json.DuplicateJsonObjectContextCustomizerFactory$DuplicateJsonObjectContextCustomizer@781f2238, org.springframework.boot.test.mock.mockito.MockitoContextCustomizer@0], resourceBasePath = '', contextLoader = 'org.springframework.boot.test.context.SpringBootContextLoader', parent = [null]], attributes = map[[empty]]]].
09:51:45.609 [Test worker] DEBUG org.springframework.test.context.support.TestPropertySourceUtils - Adding inlined properties to environment: {spring.jmx.enabled=false, org.springframework.boot.test.autoconfigure.web.servlet.WebMvcTestContextBootstrapper=true, server.port=-1}

  .   ____          _            __ _ _
 /\\ / ___'_ __ _ _(_)_ __  __ _ \ \ \ \
( ( )\___ | '_ | '_| | '_ \/ _` | \ \ \ \
 \\/  ___)| |_)| | | | | || (_| |  ) ) ) )
  '  |____| .__|_| |_|_| |_\__, | / / / /
 =========|_|==============|___/=/_/_/_/
 :: Spring Boot ::        (v2.1.2.RELEASE)

2019-06-04 09:51:47.008  INFO 1188 --- [    Test worker] c.c.c.c.ConsultaControladorVehiculoTest  : Starting ConsultaControladorVehiculoTest on JESUS-GOMEZ with PID 1188 (started by jesus.gomez in C:\Users\jesus.gomez\eclipse-workspace\estacionamiento_adn_ceiba\parqueadero\consulta\consulta-infraestructura)
2019-06-04 09:51:47.015  INFO 1188 --- [    Test worker] c.c.c.c.ConsultaControladorVehiculoTest  : No active profile set, falling back to default profiles: default
2019-06-04 09:51:50.965  INFO 1188 --- [    Test worker] com.zaxxer.hikari.HikariDataSource       : pool - Starting...
2019-06-04 09:51:51.529  INFO 1188 --- [    Test worker] com.zaxxer.hikari.HikariDataSource       : pool - Start completed.
2019-06-04 09:51:53.254  INFO 1188 --- [    Test worker] pertySourcedRequestMappingHandlerMapping : Mapped URL path [/v2/api-docs] onto method [public org.springframework.http.ResponseEntity<springfox.documentation.spring.web.json.Json> springfox.documentation.swagger2.web.Swagger2Controller.getDocumentation(java.lang.String,javax.servlet.http.HttpServletRequest)]
2019-06-04 09:51:53.311  INFO 1188 --- [    Test worker] o.s.j.d.e.EmbeddedDatabaseFactory        : Starting embedded database: url='jdbc:h2:mem:testdb;DB_CLOSE_DELAY=-1;DB_CLOSE_ON_EXIT=false', username='sa'
2019-06-04 09:51:53.419  INFO 1188 --- [    Test worker] o.f.c.internal.license.VersionPrinter    : Flyway Community Edition 5.2.1 by Boxfuse
2019-06-04 09:51:53.466  INFO 1188 --- [    Test worker] o.f.c.internal.database.DatabaseFactory  : Database: jdbc:h2:mem:testdb (H2 1.4)
2019-06-04 09:51:53.730  INFO 1188 --- [    Test worker] o.f.core.internal.command.DbValidate     : Successfully validated 2 migrations (execution time 00:00.045s)
2019-06-04 09:51:53.750  INFO 1188 --- [    Test worker] o.f.c.i.s.JdbcTableSchemaHistory         : Creating Schema History table: "PUBLIC"."flyway_schema_history"
2019-06-04 09:51:53.804  INFO 1188 --- [    Test worker] o.f.core.internal.command.DbMigrate      : Current version of schema "PUBLIC": << Empty Schema >>
2019-06-04 09:51:53.808  INFO 1188 --- [    Test worker] o.f.core.internal.command.DbMigrate      : Migrating schema "PUBLIC" to version 1.0 - schemas
2019-06-04 09:51:53.860  INFO 1188 --- [    Test worker] o.f.core.internal.command.DbMigrate      : Migrating schema "PUBLIC" to version 1.1 - data
2019-06-04 09:51:53.872  INFO 1188 --- [    Test worker] o.f.core.internal.command.DbMigrate      : Successfully applied 2 migrations to schema "PUBLIC" (execution time 00:00.123s)
2019-06-04 09:51:54.379  INFO 1188 --- [    Test worker] o.s.s.concurrent.ThreadPoolTaskExecutor  : Initializing ExecutorService 'applicationTaskExecutor'
2019-06-04 09:51:54.982  INFO 1188 --- [    Test worker] o.s.b.t.m.w.SpringBootMockServletContext : Initializing Spring TestDispatcherServlet ''
2019-06-04 09:51:54.982  INFO 1188 --- [    Test worker] o.s.t.web.servlet.TestDispatcherServlet  : Initializing Servlet ''
2019-06-04 09:51:55.013  INFO 1188 --- [    Test worker] o.s.t.web.servlet.TestDispatcherServlet  : Completed initialization in 31 ms
2019-06-04 09:51:55.107  INFO 1188 --- [    Test worker] d.s.w.p.DocumentationPluginsBootstrapper : Context refreshed
2019-06-04 09:51:55.180  INFO 1188 --- [    Test worker] d.s.w.p.DocumentationPluginsBootstrapper : Found 1 custom documentation plugin(s)
2019-06-04 09:51:55.288  INFO 1188 --- [    Test worker] s.d.s.w.s.ApiListingReferenceScanner     : Scanning for api listing references
2019-06-04 09:51:55.579  INFO 1188 --- [    Test worker] .d.s.w.r.o.CachingOperationNameGenerator : Generating unique operation named: listarUsingGET_1
2019-06-04 09:51:55.623  INFO 1188 --- [    Test worker] c.c.c.c.ConsultaControladorVehiculoTest  : Started ConsultaControladorVehiculoTest in 9.977 seconds (JVM running for 13.354)
]]></system-out>
  <system-err><![CDATA[]]></system-err>
</testsuite>
