<?xml version="1.0" encoding="UTF-8"?>
<testsuite name="com.ceiba.core.controlador.ComandoControladorHistorialTest" tests="3" skipped="0" failures="0" errors="0" timestamp="2019-06-06T13:13:23" hostname="JESUS-GOMEZ" time="0.884">
  <properties/>
  <testcase name="actualizar" classname="com.ceiba.core.controlador.ComandoControladorHistorialTest" time="0.818"/>
  <testcase name="crear" classname="com.ceiba.core.controlador.ComandoControladorHistorialTest" time="0.056"/>
  <testcase name="eliminar" classname="com.ceiba.core.controlador.ComandoControladorHistorialTest" time="0.009"/>
  <system-out><![CDATA[08:13:07.858 [Test worker] DEBUG org.springframework.test.context.junit4.SpringJUnit4ClassRunner - SpringJUnit4ClassRunner constructor called with [class com.ceiba.core.controlador.ComandoControladorHistorialTest]
08:13:07.897 [Test worker] DEBUG org.springframework.test.context.BootstrapUtils - Instantiating CacheAwareContextLoaderDelegate from class [org.springframework.test.context.cache.DefaultCacheAwareContextLoaderDelegate]
08:13:07.969 [Test worker] DEBUG org.springframework.test.context.BootstrapUtils - Instantiating BootstrapContext using constructor [public org.springframework.test.context.support.DefaultBootstrapContext(java.lang.Class,org.springframework.test.context.CacheAwareContextLoaderDelegate)]
08:13:08.072 [Test worker] DEBUG org.springframework.test.context.BootstrapUtils - Instantiating TestContextBootstrapper for test class [com.ceiba.core.controlador.ComandoControladorHistorialTest] from class [org.springframework.boot.test.autoconfigure.web.servlet.WebMvcTestContextBootstrapper]
08:13:08.177 [Test worker] DEBUG org.springframework.test.context.support.AbstractContextLoader - Did not detect default resource location for test class [com.ceiba.core.controlador.ComandoControladorHistorialTest]: class path resource [com/ceiba/core/controlador/ComandoControladorHistorialTest-context.xml] does not exist
08:13:08.178 [Test worker] DEBUG org.springframework.test.context.support.AbstractContextLoader - Did not detect default resource location for test class [com.ceiba.core.controlador.ComandoControladorHistorialTest]: class path resource [com/ceiba/core/controlador/ComandoControladorHistorialTestContext.groovy] does not exist
08:13:08.179 [Test worker] INFO org.springframework.test.context.support.AbstractContextLoader - Could not detect default resource locations for test class [com.ceiba.core.controlador.ComandoControladorHistorialTest]: no resource found for suffixes {-context.xml, Context.groovy}.
08:13:08.538 [Test worker] DEBUG org.springframework.test.context.support.ActiveProfilesUtils - Could not find an 'annotation declaring class' for annotation type [org.springframework.test.context.ActiveProfiles] and class [com.ceiba.core.controlador.ComandoControladorHistorialTest]
08:13:08.577 [Test worker] DEBUG org.springframework.boot.test.autoconfigure.web.servlet.WebMvcTestContextBootstrapper - @TestExecutionListeners is not present for class [com.ceiba.core.controlador.ComandoControladorHistorialTest]: using defaults.
08:13:08.579 [Test worker] INFO org.springframework.boot.test.autoconfigure.web.servlet.WebMvcTestContextBootstrapper - Loaded default TestExecutionListener class names from location [META-INF/spring.factories]: [org.springframework.boot.test.autoconfigure.restdocs.RestDocsTestExecutionListener, org.springframework.boot.test.autoconfigure.web.client.MockRestServiceServerResetTestExecutionListener, org.springframework.boot.test.autoconfigure.web.servlet.MockMvcPrintOnlyOnFailureTestExecutionListener, org.springframework.boot.test.autoconfigure.web.servlet.WebDriverTestExecutionListener, org.springframework.boot.test.mock.mockito.MockitoTestExecutionListener, org.springframework.boot.test.mock.mockito.ResetMocksTestExecutionListener, org.springframework.test.context.web.ServletTestExecutionListener, org.springframework.test.context.support.DirtiesContextBeforeModesTestExecutionListener, org.springframework.test.context.support.DependencyInjectionTestExecutionListener, org.springframework.test.context.support.DirtiesContextTestExecutionListener, org.springframework.test.context.transaction.TransactionalTestExecutionListener, org.springframework.test.context.jdbc.SqlScriptsTestExecutionListener]
08:13:08.688 [Test worker] INFO org.springframework.boot.test.autoconfigure.web.servlet.WebMvcTestContextBootstrapper - Using TestExecutionListeners: [org.springframework.test.context.web.ServletTestExecutionListener@4522dee6, org.springframework.test.context.support.DirtiesContextBeforeModesTestExecutionListener@4d7a541e, org.springframework.boot.test.mock.mockito.MockitoTestExecutionListener@52718df7, org.springframework.boot.test.autoconfigure.SpringBootDependencyInjectionTestExecutionListener@149a0880, org.springframework.test.context.support.DirtiesContextTestExecutionListener@479c211b, org.springframework.test.context.transaction.TransactionalTestExecutionListener@58d95752, org.springframework.test.context.jdbc.SqlScriptsTestExecutionListener@699678b, org.springframework.boot.test.autoconfigure.restdocs.RestDocsTestExecutionListener@4203a1d0, org.springframework.boot.test.autoconfigure.web.client.MockRestServiceServerResetTestExecutionListener@6431d472, org.springframework.boot.test.autoconfigure.web.servlet.MockMvcPrintOnlyOnFailureTestExecutionListener@76407c61, org.springframework.boot.test.autoconfigure.web.servlet.WebDriverTestExecutionListener@3ba8e81d, org.springframework.boot.test.mock.mockito.ResetMocksTestExecutionListener@647ac399]
08:13:08.717 [Test worker] DEBUG org.springframework.test.annotation.ProfileValueUtils - Retrieved @ProfileValueSourceConfiguration [null] for test class [com.ceiba.core.controlador.ComandoControladorHistorialTest]
08:13:08.721 [Test worker] DEBUG org.springframework.test.annotation.ProfileValueUtils - Retrieved ProfileValueSource type [class org.springframework.test.annotation.SystemProfileValueSource] for class [com.ceiba.core.controlador.ComandoControladorHistorialTest]
08:13:08.724 [Test worker] DEBUG org.springframework.test.annotation.ProfileValueUtils - Retrieved @ProfileValueSourceConfiguration [null] for test class [com.ceiba.core.controlador.ComandoControladorHistorialTest]
08:13:08.724 [Test worker] DEBUG org.springframework.test.annotation.ProfileValueUtils - Retrieved ProfileValueSource type [class org.springframework.test.annotation.SystemProfileValueSource] for class [com.ceiba.core.controlador.ComandoControladorHistorialTest]
08:13:08.740 [Test worker] DEBUG org.springframework.test.context.support.AbstractDirtiesContextTestExecutionListener - Before test class: context [DefaultTestContext@29288473 testClass = ComandoControladorHistorialTest, testInstance = [null], testMethod = [null], testException = [null], mergedContextConfiguration = [WebMergedContextConfiguration@3e96da92 testClass = ComandoControladorHistorialTest, locations = '{}', classes = '{class com.ceiba.core.ApplicationMock}', contextInitializerClasses = '[]', activeProfiles = '{}', propertySourceLocations = '{}', propertySourceProperties = '{org.springframework.boot.test.autoconfigure.web.servlet.WebMvcTestContextBootstrapper=true}', contextCustomizers = set[org.springframework.boot.test.autoconfigure.OverrideAutoConfigurationContextCustomizerFactory$DisableAutoConfigurationContextCustomizer@564c3682, org.springframework.boot.test.autoconfigure.filter.TypeExcludeFiltersContextCustomizer@54249bf1, org.springframework.boot.test.autoconfigure.properties.PropertyMappingContextCustomizer@b09ebd3b, org.springframework.boot.test.autoconfigure.web.servlet.WebDriverContextCustomizerFactory$Customizer@5309decc, [ImportsContextCustomizer@39c578b7 key = [org.springframework.boot.autoconfigure.cache.CacheAutoConfiguration, org.springframework.boot.autoconfigure.context.MessageSourceAutoConfiguration, org.springframework.boot.autoconfigure.data.web.SpringDataWebAutoConfiguration, org.springframework.boot.autoconfigure.freemarker.FreeMarkerAutoConfiguration, org.springframework.boot.autoconfigure.groovy.template.GroovyTemplateAutoConfiguration, org.springframework.boot.autoconfigure.gson.GsonAutoConfiguration, org.springframework.boot.autoconfigure.hateoas.HypermediaAutoConfiguration, org.springframework.boot.autoconfigure.http.HttpMessageConvertersAutoConfiguration, org.springframework.boot.autoconfigure.jackson.JacksonAutoConfiguration, org.springframework.boot.autoconfigure.jsonb.JsonbAutoConfiguration, org.springframework.boot.autoconfigure.mustache.MustacheAutoConfiguration, org.springframework.boot.autoconfigure.task.TaskExecutionAutoConfiguration, org.springframework.boot.autoconfigure.thymeleaf.ThymeleafAutoConfiguration, org.springframework.boot.autoconfigure.validation.ValidationAutoConfiguration, org.springframework.boot.autoconfigure.web.servlet.error.ErrorMvcAutoConfiguration, org.springframework.boot.autoconfigure.web.servlet.WebMvcAutoConfiguration, org.springframework.boot.test.autoconfigure.web.servlet.MockMvcAutoConfiguration, org.springframework.boot.test.autoconfigure.web.servlet.MockMvcSecurityAutoConfiguration, org.springframework.boot.test.autoconfigure.web.servlet.MockMvcWebClientAutoConfiguration, org.springframework.boot.test.autoconfigure.web.servlet.MockMvcWebDriverAutoConfiguration]], org.springframework.boot.test.context.filter.ExcludeFilterContextCustomizer@700d9a3, org.springframework.boot.test.json.DuplicateJsonObjectContextCustomizerFactory$DuplicateJsonObjectContextCustomizer@2f8a7790, org.springframework.boot.test.mock.mockito.MockitoContextCustomizer@0], resourceBasePath = '', contextLoader = 'org.springframework.boot.test.context.SpringBootContextLoader', parent = [null]], attributes = map[[empty]]], class annotated with @DirtiesContext [false] with mode [null].
08:13:08.747 [Test worker] DEBUG org.springframework.test.annotation.ProfileValueUtils - Retrieved @ProfileValueSourceConfiguration [null] for test class [com.ceiba.core.controlador.ComandoControladorHistorialTest]
08:13:08.748 [Test worker] DEBUG org.springframework.test.annotation.ProfileValueUtils - Retrieved ProfileValueSource type [class org.springframework.test.annotation.SystemProfileValueSource] for class [com.ceiba.core.controlador.ComandoControladorHistorialTest]
08:13:08.775 [Test worker] DEBUG org.springframework.test.context.support.DependencyInjectionTestExecutionListener - Performing dependency injection for test context [[DefaultTestContext@29288473 testClass = ComandoControladorHistorialTest, testInstance = com.ceiba.core.controlador.ComandoControladorHistorialTest@2c4b78eb, testMethod = [null], testException = [null], mergedContextConfiguration = [WebMergedContextConfiguration@3e96da92 testClass = ComandoControladorHistorialTest, locations = '{}', classes = '{class com.ceiba.core.ApplicationMock}', contextInitializerClasses = '[]', activeProfiles = '{}', propertySourceLocations = '{}', propertySourceProperties = '{org.springframework.boot.test.autoconfigure.web.servlet.WebMvcTestContextBootstrapper=true}', contextCustomizers = set[org.springframework.boot.test.autoconfigure.OverrideAutoConfigurationContextCustomizerFactory$DisableAutoConfigurationContextCustomizer@564c3682, org.springframework.boot.test.autoconfigure.filter.TypeExcludeFiltersContextCustomizer@54249bf1, org.springframework.boot.test.autoconfigure.properties.PropertyMappingContextCustomizer@b09ebd3b, org.springframework.boot.test.autoconfigure.web.servlet.WebDriverContextCustomizerFactory$Customizer@5309decc, [ImportsContextCustomizer@39c578b7 key = [org.springframework.boot.autoconfigure.cache.CacheAutoConfiguration, org.springframework.boot.autoconfigure.context.MessageSourceAutoConfiguration, org.springframework.boot.autoconfigure.data.web.SpringDataWebAutoConfiguration, org.springframework.boot.autoconfigure.freemarker.FreeMarkerAutoConfiguration, org.springframework.boot.autoconfigure.groovy.template.GroovyTemplateAutoConfiguration, org.springframework.boot.autoconfigure.gson.GsonAutoConfiguration, org.springframework.boot.autoconfigure.hateoas.HypermediaAutoConfiguration, org.springframework.boot.autoconfigure.http.HttpMessageConvertersAutoConfiguration, org.springframework.boot.autoconfigure.jackson.JacksonAutoConfiguration, org.springframework.boot.autoconfigure.jsonb.JsonbAutoConfiguration, org.springframework.boot.autoconfigure.mustache.MustacheAutoConfiguration, org.springframework.boot.autoconfigure.task.TaskExecutionAutoConfiguration, org.springframework.boot.autoconfigure.thymeleaf.ThymeleafAutoConfiguration, org.springframework.boot.autoconfigure.validation.ValidationAutoConfiguration, org.springframework.boot.autoconfigure.web.servlet.error.ErrorMvcAutoConfiguration, org.springframework.boot.autoconfigure.web.servlet.WebMvcAutoConfiguration, org.springframework.boot.test.autoconfigure.web.servlet.MockMvcAutoConfiguration, org.springframework.boot.test.autoconfigure.web.servlet.MockMvcSecurityAutoConfiguration, org.springframework.boot.test.autoconfigure.web.servlet.MockMvcWebClientAutoConfiguration, org.springframework.boot.test.autoconfigure.web.servlet.MockMvcWebDriverAutoConfiguration]], org.springframework.boot.test.context.filter.ExcludeFilterContextCustomizer@700d9a3, org.springframework.boot.test.json.DuplicateJsonObjectContextCustomizerFactory$DuplicateJsonObjectContextCustomizer@2f8a7790, org.springframework.boot.test.mock.mockito.MockitoContextCustomizer@0], resourceBasePath = '', contextLoader = 'org.springframework.boot.test.context.SpringBootContextLoader', parent = [null]], attributes = map[[empty]]]].
08:13:09.520 [Test worker] DEBUG org.springframework.test.context.support.TestPropertySourceUtils - Adding inlined properties to environment: {spring.jmx.enabled=false, org.springframework.boot.test.autoconfigure.web.servlet.WebMvcTestContextBootstrapper=true, server.port=-1}

  .   ____          _            __ _ _
 /\\ / ___'_ __ _ _(_)_ __  __ _ \ \ \ \
( ( )\___ | '_ | '_| | '_ \/ _` | \ \ \ \
 \\/  ___)| |_)| | | | | || (_| |  ) ) ) )
  '  |____| .__|_| |_|_| |_\__, | / / / /
 =========|_|==============|___/=/_/_/_/
 :: Spring Boot ::        (v2.1.2.RELEASE)

2019-06-06 08:13:11.592  INFO 16268 --- [    Test worker] c.c.c.c.ComandoControladorHistorialTest  : Starting ComandoControladorHistorialTest on JESUS-GOMEZ with PID 16268 (started by jesus.gomez in C:\Users\jesus.gomez\eclipse-workspace\estacionamiento_adn_ceiba\parqueadero\comando\comando-infraestructura)
2019-06-06 08:13:11.599  INFO 16268 --- [    Test worker] c.c.c.c.ComandoControladorHistorialTest  : No active profile set, falling back to default profiles: default
2019-06-06 08:13:16.679  INFO 16268 --- [    Test worker] com.zaxxer.hikari.HikariDataSource       : pool - Starting...
2019-06-06 08:13:17.565  INFO 16268 --- [    Test worker] com.zaxxer.hikari.HikariDataSource       : pool - Start completed.
2019-06-06 08:13:19.825  INFO 16268 --- [    Test worker] pertySourcedRequestMappingHandlerMapping : Mapped URL path [/v2/api-docs] onto method [public org.springframework.http.ResponseEntity<springfox.documentation.spring.web.json.Json> springfox.documentation.swagger2.web.Swagger2Controller.getDocumentation(java.lang.String,javax.servlet.http.HttpServletRequest)]
2019-06-06 08:13:19.944  INFO 16268 --- [    Test worker] o.s.j.d.e.EmbeddedDatabaseFactory        : Starting embedded database: url='jdbc:h2:mem:testdb;DB_CLOSE_DELAY=-1;DB_CLOSE_ON_EXIT=false', username='sa'
2019-06-06 08:13:20.148  INFO 16268 --- [    Test worker] o.f.c.internal.license.VersionPrinter    : Flyway Community Edition 5.2.1 by Boxfuse
2019-06-06 08:13:20.235  INFO 16268 --- [    Test worker] o.f.c.internal.database.DatabaseFactory  : Database: jdbc:h2:mem:testdb (H2 1.4)
2019-06-06 08:13:20.577  INFO 16268 --- [    Test worker] o.f.core.internal.command.DbValidate     : Successfully validated 2 migrations (execution time 00:00.053s)
2019-06-06 08:13:20.611  INFO 16268 --- [    Test worker] o.f.c.i.s.JdbcTableSchemaHistory         : Creating Schema History table: "PUBLIC"."flyway_schema_history"
2019-06-06 08:13:20.689  INFO 16268 --- [    Test worker] o.f.core.internal.command.DbMigrate      : Current version of schema "PUBLIC": << Empty Schema >>
2019-06-06 08:13:20.692  INFO 16268 --- [    Test worker] o.f.core.internal.command.DbMigrate      : Migrating schema "PUBLIC" to version 1.0 - schemas
2019-06-06 08:13:20.739  INFO 16268 --- [    Test worker] o.f.core.internal.command.DbMigrate      : Migrating schema "PUBLIC" to version 1.1 - data
2019-06-06 08:13:20.755  INFO 16268 --- [    Test worker] o.f.core.internal.command.DbMigrate      : Successfully applied 2 migrations to schema "PUBLIC" (execution time 00:00.145s)
2019-06-06 08:13:21.682  INFO 16268 --- [    Test worker] o.s.s.concurrent.ThreadPoolTaskExecutor  : Initializing ExecutorService 'applicationTaskExecutor'
2019-06-06 08:13:22.446  INFO 16268 --- [    Test worker] o.s.b.t.m.w.SpringBootMockServletContext : Initializing Spring TestDispatcherServlet ''
2019-06-06 08:13:22.446  INFO 16268 --- [    Test worker] o.s.t.web.servlet.TestDispatcherServlet  : Initializing Servlet ''
2019-06-06 08:13:22.479  INFO 16268 --- [    Test worker] o.s.t.web.servlet.TestDispatcherServlet  : Completed initialization in 33 ms
2019-06-06 08:13:22.583  INFO 16268 --- [    Test worker] d.s.w.p.DocumentationPluginsBootstrapper : Context refreshed
2019-06-06 08:13:22.668  INFO 16268 --- [    Test worker] d.s.w.p.DocumentationPluginsBootstrapper : Found 1 custom documentation plugin(s)
2019-06-06 08:13:22.769  INFO 16268 --- [    Test worker] s.d.s.w.s.ApiListingReferenceScanner     : Scanning for api listing references
2019-06-06 08:13:23.222  INFO 16268 --- [    Test worker] .d.s.w.r.o.CachingOperationNameGenerator : Generating unique operation named: actualizarUsingPUT_1
2019-06-06 08:13:23.230  INFO 16268 --- [    Test worker] .d.s.w.r.o.CachingOperationNameGenerator : Generating unique operation named: crearUsingPOST_1
2019-06-06 08:13:23.237  INFO 16268 --- [    Test worker] .d.s.w.r.o.CachingOperationNameGenerator : Generating unique operation named: eliminarUsingDELETE_1
2019-06-06 08:13:23.288  INFO 16268 --- [    Test worker] c.c.c.c.ComandoControladorHistorialTest  : Started ComandoControladorHistorialTest in 13.689 seconds (JVM running for 18.071)
]]></system-out>
  <system-err><![CDATA[]]></system-err>
</testsuite>
