<?xml version="1.0" encoding="UTF-8"?>
<testsuite name="com.ceiba.core.controlador.ComandoControladorHistorialTest" tests="6" skipped="0" failures="0" errors="0" timestamp="2019-06-12T15:10:33" hostname="JESUS-GOMEZ" time="0.773">
  <properties/>
  <testcase name="actualizar" classname="com.ceiba.core.controlador.ComandoControladorHistorialTest" time="0.685"/>
  <testcase name="actualizar24EnParqueaderoMotoConCilindraje600" classname="com.ceiba.core.controlador.ComandoControladorHistorialTest" time="0.013"/>
  <testcase name="crear" classname="com.ceiba.core.controlador.ComandoControladorHistorialTest" time="0.026"/>
  <testcase name="eliminar" classname="com.ceiba.core.controlador.ComandoControladorHistorialTest" time="0.012"/>
  <testcase name="actualizar24EnParqueaderoAuto" classname="com.ceiba.core.controlador.ComandoControladorHistorialTest" time="0.013"/>
  <testcase name="actualizar24EnParqueaderoMoto" classname="com.ceiba.core.controlador.ComandoControladorHistorialTest" time="0.016"/>
  <system-out><![CDATA[10:10:22.331 [Test worker] DEBUG org.springframework.test.context.junit4.SpringJUnit4ClassRunner - SpringJUnit4ClassRunner constructor called with [class com.ceiba.core.controlador.ComandoControladorHistorialTest]
10:10:22.356 [Test worker] DEBUG org.springframework.test.context.BootstrapUtils - Instantiating CacheAwareContextLoaderDelegate from class [org.springframework.test.context.cache.DefaultCacheAwareContextLoaderDelegate]
10:10:22.399 [Test worker] DEBUG org.springframework.test.context.BootstrapUtils - Instantiating BootstrapContext using constructor [public org.springframework.test.context.support.DefaultBootstrapContext(java.lang.Class,org.springframework.test.context.CacheAwareContextLoaderDelegate)]
10:10:22.472 [Test worker] DEBUG org.springframework.test.context.BootstrapUtils - Instantiating TestContextBootstrapper for test class [com.ceiba.core.controlador.ComandoControladorHistorialTest] from class [org.springframework.boot.test.autoconfigure.web.servlet.WebMvcTestContextBootstrapper]
10:10:22.568 [Test worker] DEBUG org.springframework.test.context.support.AbstractContextLoader - Did not detect default resource location for test class [com.ceiba.core.controlador.ComandoControladorHistorialTest]: class path resource [com/ceiba/core/controlador/ComandoControladorHistorialTest-context.xml] does not exist
10:10:22.570 [Test worker] DEBUG org.springframework.test.context.support.AbstractContextLoader - Did not detect default resource location for test class [com.ceiba.core.controlador.ComandoControladorHistorialTest]: class path resource [com/ceiba/core/controlador/ComandoControladorHistorialTestContext.groovy] does not exist
10:10:22.570 [Test worker] INFO org.springframework.test.context.support.AbstractContextLoader - Could not detect default resource locations for test class [com.ceiba.core.controlador.ComandoControladorHistorialTest]: no resource found for suffixes {-context.xml, Context.groovy}.
10:10:22.806 [Test worker] DEBUG org.springframework.test.context.support.ActiveProfilesUtils - Could not find an 'annotation declaring class' for annotation type [org.springframework.test.context.ActiveProfiles] and class [com.ceiba.core.controlador.ComandoControladorHistorialTest]
10:10:22.825 [Test worker] DEBUG org.springframework.boot.test.autoconfigure.web.servlet.WebMvcTestContextBootstrapper - @TestExecutionListeners is not present for class [com.ceiba.core.controlador.ComandoControladorHistorialTest]: using defaults.
10:10:22.828 [Test worker] INFO org.springframework.boot.test.autoconfigure.web.servlet.WebMvcTestContextBootstrapper - Loaded default TestExecutionListener class names from location [META-INF/spring.factories]: [org.springframework.boot.test.autoconfigure.restdocs.RestDocsTestExecutionListener, org.springframework.boot.test.autoconfigure.web.client.MockRestServiceServerResetTestExecutionListener, org.springframework.boot.test.autoconfigure.web.servlet.MockMvcPrintOnlyOnFailureTestExecutionListener, org.springframework.boot.test.autoconfigure.web.servlet.WebDriverTestExecutionListener, org.springframework.boot.test.mock.mockito.MockitoTestExecutionListener, org.springframework.boot.test.mock.mockito.ResetMocksTestExecutionListener, org.springframework.test.context.web.ServletTestExecutionListener, org.springframework.test.context.support.DirtiesContextBeforeModesTestExecutionListener, org.springframework.test.context.support.DependencyInjectionTestExecutionListener, org.springframework.test.context.support.DirtiesContextTestExecutionListener, org.springframework.test.context.transaction.TransactionalTestExecutionListener, org.springframework.test.context.jdbc.SqlScriptsTestExecutionListener]
10:10:22.904 [Test worker] INFO org.springframework.boot.test.autoconfigure.web.servlet.WebMvcTestContextBootstrapper - Using TestExecutionListeners: [org.springframework.test.context.web.ServletTestExecutionListener@1e374b8c, org.springframework.test.context.support.DirtiesContextBeforeModesTestExecutionListener@615edb90, org.springframework.boot.test.mock.mockito.MockitoTestExecutionListener@6b7f89ee, org.springframework.boot.test.autoconfigure.SpringBootDependencyInjectionTestExecutionListener@655cafb6, org.springframework.test.context.support.DirtiesContextTestExecutionListener@4113e3ba, org.springframework.test.context.transaction.TransactionalTestExecutionListener@56063253, org.springframework.test.context.jdbc.SqlScriptsTestExecutionListener@41a1e184, org.springframework.boot.test.autoconfigure.restdocs.RestDocsTestExecutionListener@4100d719, org.springframework.boot.test.autoconfigure.web.client.MockRestServiceServerResetTestExecutionListener@1fd0f2b0, org.springframework.boot.test.autoconfigure.web.servlet.MockMvcPrintOnlyOnFailureTestExecutionListener@78a3cfb3, org.springframework.boot.test.autoconfigure.web.servlet.WebDriverTestExecutionListener@3640bce2, org.springframework.boot.test.mock.mockito.ResetMocksTestExecutionListener@713f0d2c]
10:10:22.929 [Test worker] DEBUG org.springframework.test.annotation.ProfileValueUtils - Retrieved @ProfileValueSourceConfiguration [null] for test class [com.ceiba.core.controlador.ComandoControladorHistorialTest]
10:10:22.931 [Test worker] DEBUG org.springframework.test.annotation.ProfileValueUtils - Retrieved ProfileValueSource type [class org.springframework.test.annotation.SystemProfileValueSource] for class [com.ceiba.core.controlador.ComandoControladorHistorialTest]
10:10:22.933 [Test worker] DEBUG org.springframework.test.annotation.ProfileValueUtils - Retrieved @ProfileValueSourceConfiguration [null] for test class [com.ceiba.core.controlador.ComandoControladorHistorialTest]
10:10:22.933 [Test worker] DEBUG org.springframework.test.annotation.ProfileValueUtils - Retrieved ProfileValueSource type [class org.springframework.test.annotation.SystemProfileValueSource] for class [com.ceiba.core.controlador.ComandoControladorHistorialTest]
10:10:22.952 [Test worker] DEBUG org.springframework.test.context.support.AbstractDirtiesContextTestExecutionListener - Before test class: context [DefaultTestContext@78f56c7c testClass = ComandoControladorHistorialTest, testInstance = [null], testMethod = [null], testException = [null], mergedContextConfiguration = [WebMergedContextConfiguration@abe84e6 testClass = ComandoControladorHistorialTest, locations = '{}', classes = '{class com.ceiba.core.ApplicationMock}', contextInitializerClasses = '[]', activeProfiles = '{}', propertySourceLocations = '{}', propertySourceProperties = '{org.springframework.boot.test.autoconfigure.web.servlet.WebMvcTestContextBootstrapper=true}', contextCustomizers = set[org.springframework.boot.test.autoconfigure.OverrideAutoConfigurationContextCustomizerFactory$DisableAutoConfigurationContextCustomizer@a0124be, org.springframework.boot.test.autoconfigure.filter.TypeExcludeFiltersContextCustomizer@d7b09f1, org.springframework.boot.test.autoconfigure.properties.PropertyMappingContextCustomizer@d77192e2, org.springframework.boot.test.autoconfigure.web.servlet.WebDriverContextCustomizerFactory$Customizer@5a85c8e6, [ImportsContextCustomizer@21c4982d key = [org.springframework.boot.autoconfigure.cache.CacheAutoConfiguration, org.springframework.boot.autoconfigure.context.MessageSourceAutoConfiguration, org.springframework.boot.autoconfigure.data.web.SpringDataWebAutoConfiguration, org.springframework.boot.autoconfigure.freemarker.FreeMarkerAutoConfiguration, org.springframework.boot.autoconfigure.groovy.template.GroovyTemplateAutoConfiguration, org.springframework.boot.autoconfigure.gson.GsonAutoConfiguration, org.springframework.boot.autoconfigure.hateoas.HypermediaAutoConfiguration, org.springframework.boot.autoconfigure.http.HttpMessageConvertersAutoConfiguration, org.springframework.boot.autoconfigure.jackson.JacksonAutoConfiguration, org.springframework.boot.autoconfigure.jsonb.JsonbAutoConfiguration, org.springframework.boot.autoconfigure.mustache.MustacheAutoConfiguration, org.springframework.boot.autoconfigure.task.TaskExecutionAutoConfiguration, org.springframework.boot.autoconfigure.thymeleaf.ThymeleafAutoConfiguration, org.springframework.boot.autoconfigure.validation.ValidationAutoConfiguration, org.springframework.boot.autoconfigure.web.servlet.error.ErrorMvcAutoConfiguration, org.springframework.boot.autoconfigure.web.servlet.WebMvcAutoConfiguration, org.springframework.boot.test.autoconfigure.web.servlet.MockMvcAutoConfiguration, org.springframework.boot.test.autoconfigure.web.servlet.MockMvcSecurityAutoConfiguration, org.springframework.boot.test.autoconfigure.web.servlet.MockMvcWebClientAutoConfiguration, org.springframework.boot.test.autoconfigure.web.servlet.MockMvcWebDriverAutoConfiguration]], org.springframework.boot.test.context.filter.ExcludeFilterContextCustomizer@73fe3709, org.springframework.boot.test.json.DuplicateJsonObjectContextCustomizerFactory$DuplicateJsonObjectContextCustomizer@224b9b74, org.springframework.boot.test.mock.mockito.MockitoContextCustomizer@0], resourceBasePath = '', contextLoader = 'org.springframework.boot.test.context.SpringBootContextLoader', parent = [null]], attributes = map[[empty]]], class annotated with @DirtiesContext [false] with mode [null].
10:10:22.955 [Test worker] DEBUG org.springframework.test.annotation.ProfileValueUtils - Retrieved @ProfileValueSourceConfiguration [null] for test class [com.ceiba.core.controlador.ComandoControladorHistorialTest]
10:10:22.956 [Test worker] DEBUG org.springframework.test.annotation.ProfileValueUtils - Retrieved ProfileValueSource type [class org.springframework.test.annotation.SystemProfileValueSource] for class [com.ceiba.core.controlador.ComandoControladorHistorialTest]
10:10:22.975 [Test worker] DEBUG org.springframework.test.context.support.DependencyInjectionTestExecutionListener - Performing dependency injection for test context [[DefaultTestContext@78f56c7c testClass = ComandoControladorHistorialTest, testInstance = com.ceiba.core.controlador.ComandoControladorHistorialTest@5a1521f7, testMethod = [null], testException = [null], mergedContextConfiguration = [WebMergedContextConfiguration@abe84e6 testClass = ComandoControladorHistorialTest, locations = '{}', classes = '{class com.ceiba.core.ApplicationMock}', contextInitializerClasses = '[]', activeProfiles = '{}', propertySourceLocations = '{}', propertySourceProperties = '{org.springframework.boot.test.autoconfigure.web.servlet.WebMvcTestContextBootstrapper=true}', contextCustomizers = set[org.springframework.boot.test.autoconfigure.OverrideAutoConfigurationContextCustomizerFactory$DisableAutoConfigurationContextCustomizer@a0124be, org.springframework.boot.test.autoconfigure.filter.TypeExcludeFiltersContextCustomizer@d7b09f1, org.springframework.boot.test.autoconfigure.properties.PropertyMappingContextCustomizer@d77192e2, org.springframework.boot.test.autoconfigure.web.servlet.WebDriverContextCustomizerFactory$Customizer@5a85c8e6, [ImportsContextCustomizer@21c4982d key = [org.springframework.boot.autoconfigure.cache.CacheAutoConfiguration, org.springframework.boot.autoconfigure.context.MessageSourceAutoConfiguration, org.springframework.boot.autoconfigure.data.web.SpringDataWebAutoConfiguration, org.springframework.boot.autoconfigure.freemarker.FreeMarkerAutoConfiguration, org.springframework.boot.autoconfigure.groovy.template.GroovyTemplateAutoConfiguration, org.springframework.boot.autoconfigure.gson.GsonAutoConfiguration, org.springframework.boot.autoconfigure.hateoas.HypermediaAutoConfiguration, org.springframework.boot.autoconfigure.http.HttpMessageConvertersAutoConfiguration, org.springframework.boot.autoconfigure.jackson.JacksonAutoConfiguration, org.springframework.boot.autoconfigure.jsonb.JsonbAutoConfiguration, org.springframework.boot.autoconfigure.mustache.MustacheAutoConfiguration, org.springframework.boot.autoconfigure.task.TaskExecutionAutoConfiguration, org.springframework.boot.autoconfigure.thymeleaf.ThymeleafAutoConfiguration, org.springframework.boot.autoconfigure.validation.ValidationAutoConfiguration, org.springframework.boot.autoconfigure.web.servlet.error.ErrorMvcAutoConfiguration, org.springframework.boot.autoconfigure.web.servlet.WebMvcAutoConfiguration, org.springframework.boot.test.autoconfigure.web.servlet.MockMvcAutoConfiguration, org.springframework.boot.test.autoconfigure.web.servlet.MockMvcSecurityAutoConfiguration, org.springframework.boot.test.autoconfigure.web.servlet.MockMvcWebClientAutoConfiguration, org.springframework.boot.test.autoconfigure.web.servlet.MockMvcWebDriverAutoConfiguration]], org.springframework.boot.test.context.filter.ExcludeFilterContextCustomizer@73fe3709, org.springframework.boot.test.json.DuplicateJsonObjectContextCustomizerFactory$DuplicateJsonObjectContextCustomizer@224b9b74, org.springframework.boot.test.mock.mockito.MockitoContextCustomizer@0], resourceBasePath = '', contextLoader = 'org.springframework.boot.test.context.SpringBootContextLoader', parent = [null]], attributes = map[[empty]]]].
10:10:23.425 [Test worker] DEBUG org.springframework.test.context.support.TestPropertySourceUtils - Adding inlined properties to environment: {spring.jmx.enabled=false, org.springframework.boot.test.autoconfigure.web.servlet.WebMvcTestContextBootstrapper=true, server.port=-1}

  .   ____          _            __ _ _
 /\\ / ___'_ __ _ _(_)_ __  __ _ \ \ \ \
( ( )\___ | '_ | '_| | '_ \/ _` | \ \ \ \
 \\/  ___)| |_)| | | | | || (_| |  ) ) ) )
  '  |____| .__|_| |_|_| |_\__, | / / / /
 =========|_|==============|___/=/_/_/_/
 :: Spring Boot ::        (v2.1.2.RELEASE)

2019-06-12 10:10:24.944  INFO 10408 --- [    Test worker] c.c.c.c.ComandoControladorHistorialTest  : Starting ComandoControladorHistorialTest on JESUS-GOMEZ with PID 10408 (started by jesus.gomez in C:\Users\jesus.gomez\eclipse-workspace\estacionamiento_adn_ceiba\parqueadero\comando\comando-infraestructura)
2019-06-12 10:10:24.953  INFO 10408 --- [    Test worker] c.c.c.c.ComandoControladorHistorialTest  : No active profile set, falling back to default profiles: default
2019-06-12 10:10:28.666  INFO 10408 --- [    Test worker] com.zaxxer.hikari.HikariDataSource       : pool - Starting...
2019-06-12 10:10:29.216  INFO 10408 --- [    Test worker] com.zaxxer.hikari.HikariDataSource       : pool - Start completed.
2019-06-12 10:10:31.218  INFO 10408 --- [    Test worker] pertySourcedRequestMappingHandlerMapping : Mapped URL path [/v2/api-docs] onto method [public org.springframework.http.ResponseEntity<springfox.documentation.spring.web.json.Json> springfox.documentation.swagger2.web.Swagger2Controller.getDocumentation(java.lang.String,javax.servlet.http.HttpServletRequest)]
2019-06-12 10:10:31.280  INFO 10408 --- [    Test worker] o.s.j.d.e.EmbeddedDatabaseFactory        : Starting embedded database: url='jdbc:h2:mem:testdb;DB_CLOSE_DELAY=-1;DB_CLOSE_ON_EXIT=false', username='sa'
2019-06-12 10:10:31.389  INFO 10408 --- [    Test worker] o.f.c.internal.license.VersionPrinter    : Flyway Community Edition 5.2.1 by Boxfuse
2019-06-12 10:10:31.455  INFO 10408 --- [    Test worker] o.f.c.internal.database.DatabaseFactory  : Database: jdbc:h2:mem:testdb (H2 1.4)
2019-06-12 10:10:31.694  INFO 10408 --- [    Test worker] o.f.core.internal.command.DbValidate     : Successfully validated 2 migrations (execution time 00:00.047s)
2019-06-12 10:10:31.713  INFO 10408 --- [    Test worker] o.f.c.i.s.JdbcTableSchemaHistory         : Creating Schema History table: "PUBLIC"."flyway_schema_history"
2019-06-12 10:10:31.783  INFO 10408 --- [    Test worker] o.f.core.internal.command.DbMigrate      : Current version of schema "PUBLIC": << Empty Schema >>
2019-06-12 10:10:31.787  INFO 10408 --- [    Test worker] o.f.core.internal.command.DbMigrate      : Migrating schema "PUBLIC" to version 1.0 - schemas
2019-06-12 10:10:31.840  INFO 10408 --- [    Test worker] o.f.core.internal.command.DbMigrate      : Migrating schema "PUBLIC" to version 1.1 - data
2019-06-12 10:10:31.859  INFO 10408 --- [    Test worker] o.f.core.internal.command.DbMigrate      : Successfully applied 2 migrations to schema "PUBLIC" (execution time 00:00.147s)
2019-06-12 10:10:32.380  INFO 10408 --- [    Test worker] o.s.s.concurrent.ThreadPoolTaskExecutor  : Initializing ExecutorService 'applicationTaskExecutor'
2019-06-12 10:10:33.113  INFO 10408 --- [    Test worker] o.s.b.t.m.w.SpringBootMockServletContext : Initializing Spring TestDispatcherServlet ''
2019-06-12 10:10:33.114  INFO 10408 --- [    Test worker] o.s.t.web.servlet.TestDispatcherServlet  : Initializing Servlet ''
2019-06-12 10:10:33.151  INFO 10408 --- [    Test worker] o.s.t.web.servlet.TestDispatcherServlet  : Completed initialization in 37 ms
2019-06-12 10:10:33.244  INFO 10408 --- [    Test worker] d.s.w.p.DocumentationPluginsBootstrapper : Context refreshed
2019-06-12 10:10:33.323  INFO 10408 --- [    Test worker] d.s.w.p.DocumentationPluginsBootstrapper : Found 1 custom documentation plugin(s)
2019-06-12 10:10:33.413  INFO 10408 --- [    Test worker] s.d.s.w.s.ApiListingReferenceScanner     : Scanning for api listing references
2019-06-12 10:10:33.738  INFO 10408 --- [    Test worker] .d.s.w.r.o.CachingOperationNameGenerator : Generating unique operation named: actualizarUsingPUT_1
2019-06-12 10:10:33.743  INFO 10408 --- [    Test worker] .d.s.w.r.o.CachingOperationNameGenerator : Generating unique operation named: crearUsingPOST_1
2019-06-12 10:10:33.748  INFO 10408 --- [    Test worker] .d.s.w.r.o.CachingOperationNameGenerator : Generating unique operation named: eliminarUsingDELETE_1
2019-06-12 10:10:33.787  INFO 10408 --- [    Test worker] c.c.c.c.ComandoControladorHistorialTest  : Started ComandoControladorHistorialTest in 10.337 seconds (JVM running for 13.91)
]]></system-out>
  <system-err><![CDATA[]]></system-err>
</testsuite>
