<?xml version="1.0" encoding="UTF-8"?>
<testsuite name="com.ceiba.core.controlador.ComandoControladorVehiculoTest" tests="3" skipped="0" failures="0" errors="0" timestamp="2019-06-05T21:33:26" hostname="JESUS-GOMEZ" time="0.051">
  <properties/>
  <testcase name="actualizar" classname="com.ceiba.core.controlador.ComandoControladorVehiculoTest" time="0.022"/>
  <testcase name="crear" classname="com.ceiba.core.controlador.ComandoControladorVehiculoTest" time="0.016"/>
  <testcase name="eliminar" classname="com.ceiba.core.controlador.ComandoControladorVehiculoTest" time="0.009"/>
  <system-out><![CDATA[2019-06-05 16:33:23.303  INFO 3520 --- [    Test worker] o.s.t.c.support.AbstractContextLoader    : Could not detect default resource locations for test class [com.ceiba.core.controlador.ComandoControladorVehiculoTest]: no resource found for suffixes {-context.xml, Context.groovy}.
2019-06-05 16:33:23.321  INFO 3520 --- [    Test worker] .b.t.a.w.s.WebMvcTestContextBootstrapper : Loaded default TestExecutionListener class names from location [META-INF/spring.factories]: [org.springframework.boot.test.autoconfigure.restdocs.RestDocsTestExecutionListener, org.springframework.boot.test.autoconfigure.web.client.MockRestServiceServerResetTestExecutionListener, org.springframework.boot.test.autoconfigure.web.servlet.MockMvcPrintOnlyOnFailureTestExecutionListener, org.springframework.boot.test.autoconfigure.web.servlet.WebDriverTestExecutionListener, org.springframework.boot.test.mock.mockito.MockitoTestExecutionListener, org.springframework.boot.test.mock.mockito.ResetMocksTestExecutionListener, org.springframework.test.context.web.ServletTestExecutionListener, org.springframework.test.context.support.DirtiesContextBeforeModesTestExecutionListener, org.springframework.test.context.support.DependencyInjectionTestExecutionListener, org.springframework.test.context.support.DirtiesContextTestExecutionListener, org.springframework.test.context.transaction.TransactionalTestExecutionListener, org.springframework.test.context.jdbc.SqlScriptsTestExecutionListener]
2019-06-05 16:33:23.325  INFO 3520 --- [    Test worker] .b.t.a.w.s.WebMvcTestContextBootstrapper : Using TestExecutionListeners: [org.springframework.test.context.web.ServletTestExecutionListener@3407cabe, org.springframework.test.context.support.DirtiesContextBeforeModesTestExecutionListener@5d3bdb8d, org.springframework.boot.test.mock.mockito.MockitoTestExecutionListener@61634cab, org.springframework.boot.test.autoconfigure.SpringBootDependencyInjectionTestExecutionListener@17d39587, org.springframework.test.context.support.DirtiesContextTestExecutionListener@1d0beff9, org.springframework.test.context.transaction.TransactionalTestExecutionListener@1eefb866, org.springframework.test.context.jdbc.SqlScriptsTestExecutionListener@6592a904, org.springframework.boot.test.autoconfigure.restdocs.RestDocsTestExecutionListener@6ee6779c, org.springframework.boot.test.autoconfigure.web.client.MockRestServiceServerResetTestExecutionListener@2cd0299e, org.springframework.boot.test.autoconfigure.web.servlet.MockMvcPrintOnlyOnFailureTestExecutionListener@4f9f88ea, org.springframework.boot.test.autoconfigure.web.servlet.WebDriverTestExecutionListener@3fb5d294, org.springframework.boot.test.mock.mockito.ResetMocksTestExecutionListener@62b20869]

  .   ____          _            __ _ _
 /\\ / ___'_ __ _ _(_)_ __  __ _ \ \ \ \
( ( )\___ | '_ | '_| | '_ \/ _` | \ \ \ \
 \\/  ___)| |_)| | | | | || (_| |  ) ) ) )
  '  |____| .__|_| |_|_| |_\__, | / / / /
 =========|_|==============|___/=/_/_/_/
 :: Spring Boot ::        (v2.1.2.RELEASE)

2019-06-05 16:33:23.429  INFO 3520 --- [    Test worker] c.c.c.c.ComandoControladorVehiculoTest   : Starting ComandoControladorVehiculoTest on JESUS-GOMEZ with PID 3520 (started by jesus.gomez in C:\Users\jesus.gomez\eclipse-workspace\estacionamiento_adn_ceiba\parqueadero\comando\comando-infraestructura)
2019-06-05 16:33:23.432  INFO 3520 --- [    Test worker] c.c.c.c.ComandoControladorVehiculoTest   : No active profile set, falling back to default profiles: default
2019-06-05 16:33:24.379  INFO 3520 --- [    Test worker] com.zaxxer.hikari.HikariDataSource       : pool - Starting...
2019-06-05 16:33:24.381  INFO 3520 --- [    Test worker] com.zaxxer.hikari.HikariDataSource       : pool - Start completed.
2019-06-05 16:33:25.480  INFO 3520 --- [    Test worker] pertySourcedRequestMappingHandlerMapping : Mapped URL path [/v2/api-docs] onto method [public org.springframework.http.ResponseEntity<springfox.documentation.spring.web.json.Json> springfox.documentation.swagger2.web.Swagger2Controller.getDocumentation(java.lang.String,javax.servlet.http.HttpServletRequest)]
2019-06-05 16:33:25.488  INFO 3520 --- [    Test worker] o.s.j.d.e.EmbeddedDatabaseFactory        : Starting embedded database: url='jdbc:h2:mem:testdb;DB_CLOSE_DELAY=-1;DB_CLOSE_ON_EXIT=false', username='sa'
2019-06-05 16:33:25.507  INFO 3520 --- [    Test worker] o.f.c.internal.database.DatabaseFactory  : Database: jdbc:h2:mem:testdb (H2 1.4)
2019-06-05 16:33:25.534  INFO 3520 --- [    Test worker] o.f.core.internal.command.DbValidate     : Successfully validated 2 migrations (execution time 00:00.008s)
2019-06-05 16:33:25.544  INFO 3520 --- [    Test worker] o.f.core.internal.command.DbMigrate      : Current version of schema "PUBLIC": 1.1
2019-06-05 16:33:25.545  INFO 3520 --- [    Test worker] o.f.core.internal.command.DbMigrate      : Schema "PUBLIC" is up to date. No migration necessary.
2019-06-05 16:33:25.854  INFO 3520 --- [    Test worker] o.s.s.concurrent.ThreadPoolTaskExecutor  : Initializing ExecutorService 'applicationTaskExecutor'
2019-06-05 16:33:26.202  INFO 3520 --- [    Test worker] o.s.b.t.m.w.SpringBootMockServletContext : Initializing Spring TestDispatcherServlet ''
2019-06-05 16:33:26.203  INFO 3520 --- [    Test worker] o.s.t.web.servlet.TestDispatcherServlet  : Initializing Servlet ''
2019-06-05 16:33:26.225  INFO 3520 --- [    Test worker] o.s.t.web.servlet.TestDispatcherServlet  : Completed initialization in 20 ms
2019-06-05 16:33:26.291  INFO 3520 --- [    Test worker] d.s.w.p.DocumentationPluginsBootstrapper : Context refreshed
2019-06-05 16:33:26.295  INFO 3520 --- [    Test worker] d.s.w.p.DocumentationPluginsBootstrapper : Found 1 custom documentation plugin(s)
2019-06-05 16:33:26.314  INFO 3520 --- [    Test worker] s.d.s.w.s.ApiListingReferenceScanner     : Scanning for api listing references
2019-06-05 16:33:26.371  INFO 3520 --- [    Test worker] .d.s.w.r.o.CachingOperationNameGenerator : Generating unique operation named: actualizarUsingPUT_1
2019-06-05 16:33:26.378  INFO 3520 --- [    Test worker] .d.s.w.r.o.CachingOperationNameGenerator : Generating unique operation named: crearUsingPOST_1
2019-06-05 16:33:26.388  INFO 3520 --- [    Test worker] .d.s.w.r.o.CachingOperationNameGenerator : Generating unique operation named: eliminarUsingDELETE_1
2019-06-05 16:33:26.399  INFO 3520 --- [    Test worker] c.c.c.c.ComandoControladorVehiculoTest   : Started ComandoControladorVehiculoTest in 3.067 seconds (JVM running for 19.876)
]]></system-out>
  <system-err><![CDATA[]]></system-err>
</testsuite>
