<?xml version="1.0" encoding="UTF-8"?>
<testsuite name="com.ceiba.core.controlador.ComandoControladorHistorialTest" tests="3" skipped="0" failures="0" errors="0" timestamp="2019-06-05T21:33:21" hostname="JESUS-GOMEZ" time="1.484">
  <properties/>
  <testcase name="actualizar" classname="com.ceiba.core.controlador.ComandoControladorHistorialTest" time="1.361"/>
  <testcase name="crear" classname="com.ceiba.core.controlador.ComandoControladorHistorialTest" time="0.104"/>
  <testcase name="eliminar" classname="com.ceiba.core.controlador.ComandoControladorHistorialTest" time="0.015"/>
  <system-out><![CDATA[16:33:09.278 [Test worker] DEBUG org.springframework.test.context.junit4.SpringJUnit4ClassRunner - SpringJUnit4ClassRunner constructor called with [class com.ceiba.core.controlador.ComandoControladorHistorialTest]
16:33:09.304 [Test worker] DEBUG org.springframework.test.context.BootstrapUtils - Instantiating CacheAwareContextLoaderDelegate from class [org.springframework.test.context.cache.DefaultCacheAwareContextLoaderDelegate]
16:33:09.341 [Test worker] DEBUG org.springframework.test.context.BootstrapUtils - Instantiating BootstrapContext using constructor [public org.springframework.test.context.support.DefaultBootstrapContext(java.lang.Class,org.springframework.test.context.CacheAwareContextLoaderDelegate)]
16:33:09.425 [Test worker] DEBUG org.springframework.test.context.BootstrapUtils - Instantiating TestContextBootstrapper for test class [com.ceiba.core.controlador.ComandoControladorHistorialTest] from class [org.springframework.boot.test.autoconfigure.web.servlet.WebMvcTestContextBootstrapper]
16:33:09.520 [Test worker] DEBUG org.springframework.test.context.support.AbstractContextLoader - Did not detect default resource location for test class [com.ceiba.core.controlador.ComandoControladorHistorialTest]: class path resource [com/ceiba/core/controlador/ComandoControladorHistorialTest-context.xml] does not exist
16:33:09.522 [Test worker] DEBUG org.springframework.test.context.support.AbstractContextLoader - Did not detect default resource location for test class [com.ceiba.core.controlador.ComandoControladorHistorialTest]: class path resource [com/ceiba/core/controlador/ComandoControladorHistorialTestContext.groovy] does not exist
16:33:09.523 [Test worker] INFO org.springframework.test.context.support.AbstractContextLoader - Could not detect default resource locations for test class [com.ceiba.core.controlador.ComandoControladorHistorialTest]: no resource found for suffixes {-context.xml, Context.groovy}.
16:33:09.766 [Test worker] DEBUG org.springframework.test.context.support.ActiveProfilesUtils - Could not find an 'annotation declaring class' for annotation type [org.springframework.test.context.ActiveProfiles] and class [com.ceiba.core.controlador.ComandoControladorHistorialTest]
16:33:09.782 [Test worker] DEBUG org.springframework.boot.test.autoconfigure.web.servlet.WebMvcTestContextBootstrapper - @TestExecutionListeners is not present for class [com.ceiba.core.controlador.ComandoControladorHistorialTest]: using defaults.
16:33:09.783 [Test worker] INFO org.springframework.boot.test.autoconfigure.web.servlet.WebMvcTestContextBootstrapper - Loaded default TestExecutionListener class names from location [META-INF/spring.factories]: [org.springframework.boot.test.autoconfigure.restdocs.RestDocsTestExecutionListener, org.springframework.boot.test.autoconfigure.web.client.MockRestServiceServerResetTestExecutionListener, org.springframework.boot.test.autoconfigure.web.servlet.MockMvcPrintOnlyOnFailureTestExecutionListener, org.springframework.boot.test.autoconfigure.web.servlet.WebDriverTestExecutionListener, org.springframework.boot.test.mock.mockito.MockitoTestExecutionListener, org.springframework.boot.test.mock.mockito.ResetMocksTestExecutionListener, org.springframework.test.context.web.ServletTestExecutionListener, org.springframework.test.context.support.DirtiesContextBeforeModesTestExecutionListener, org.springframework.test.context.support.DependencyInjectionTestExecutionListener, org.springframework.test.context.support.DirtiesContextTestExecutionListener, org.springframework.test.context.transaction.TransactionalTestExecutionListener, org.springframework.test.context.jdbc.SqlScriptsTestExecutionListener]
16:33:09.864 [Test worker] INFO org.springframework.boot.test.autoconfigure.web.servlet.WebMvcTestContextBootstrapper - Using TestExecutionListeners: [org.springframework.test.context.web.ServletTestExecutionListener@22898a97, org.springframework.test.context.support.DirtiesContextBeforeModesTestExecutionListener@1b74c09b, org.springframework.boot.test.mock.mockito.MockitoTestExecutionListener@2d9c12ca, org.springframework.boot.test.autoconfigure.SpringBootDependencyInjectionTestExecutionListener@77ebe195, org.springframework.test.context.support.DirtiesContextTestExecutionListener@195810cd, org.springframework.test.context.transaction.TransactionalTestExecutionListener@24156b65, org.springframework.test.context.jdbc.SqlScriptsTestExecutionListener@6952376f, org.springframework.boot.test.autoconfigure.restdocs.RestDocsTestExecutionListener@411d8499, org.springframework.boot.test.autoconfigure.web.client.MockRestServiceServerResetTestExecutionListener@189a2a0f, org.springframework.boot.test.autoconfigure.web.servlet.MockMvcPrintOnlyOnFailureTestExecutionListener@17db243a, org.springframework.boot.test.autoconfigure.web.servlet.WebDriverTestExecutionListener@6f4a80e1, org.springframework.boot.test.mock.mockito.ResetMocksTestExecutionListener@42def8dd]
16:33:09.875 [Test worker] DEBUG org.springframework.test.annotation.ProfileValueUtils - Retrieved @ProfileValueSourceConfiguration [null] for test class [com.ceiba.core.controlador.ComandoControladorHistorialTest]
16:33:09.878 [Test worker] DEBUG org.springframework.test.annotation.ProfileValueUtils - Retrieved ProfileValueSource type [class org.springframework.test.annotation.SystemProfileValueSource] for class [com.ceiba.core.controlador.ComandoControladorHistorialTest]
16:33:09.881 [Test worker] DEBUG org.springframework.test.annotation.ProfileValueUtils - Retrieved @ProfileValueSourceConfiguration [null] for test class [com.ceiba.core.controlador.ComandoControladorHistorialTest]
16:33:09.881 [Test worker] DEBUG org.springframework.test.annotation.ProfileValueUtils - Retrieved ProfileValueSource type [class org.springframework.test.annotation.SystemProfileValueSource] for class [com.ceiba.core.controlador.ComandoControladorHistorialTest]
16:33:09.901 [Test worker] DEBUG org.springframework.test.context.support.AbstractDirtiesContextTestExecutionListener - Before test class: context [DefaultTestContext@162578c4 testClass = ComandoControladorHistorialTest, testInstance = [null], testMethod = [null], testException = [null], mergedContextConfiguration = [WebMergedContextConfiguration@71fba6ab testClass = ComandoControladorHistorialTest, locations = '{}', classes = '{class com.ceiba.core.ApplicationMock}', contextInitializerClasses = '[]', activeProfiles = '{}', propertySourceLocations = '{}', propertySourceProperties = '{org.springframework.boot.test.autoconfigure.web.servlet.WebMvcTestContextBootstrapper=true}', contextCustomizers = set[org.springframework.boot.test.autoconfigure.OverrideAutoConfigurationContextCustomizerFactory$DisableAutoConfigurationContextCustomizer@67a34109, org.springframework.boot.test.autoconfigure.filter.TypeExcludeFiltersContextCustomizer@12adac38, org.springframework.boot.test.autoconfigure.properties.PropertyMappingContextCustomizer@d36e7626, org.springframework.boot.test.autoconfigure.web.servlet.WebDriverContextCustomizerFactory$Customizer@2b3e4439, [ImportsContextCustomizer@470b26be key = [org.springframework.boot.autoconfigure.cache.CacheAutoConfiguration, org.springframework.boot.autoconfigure.context.MessageSourceAutoConfiguration, org.springframework.boot.autoconfigure.data.web.SpringDataWebAutoConfiguration, org.springframework.boot.autoconfigure.freemarker.FreeMarkerAutoConfiguration, org.springframework.boot.autoconfigure.groovy.template.GroovyTemplateAutoConfiguration, org.springframework.boot.autoconfigure.gson.GsonAutoConfiguration, org.springframework.boot.autoconfigure.hateoas.HypermediaAutoConfiguration, org.springframework.boot.autoconfigure.http.HttpMessageConvertersAutoConfiguration, org.springframework.boot.autoconfigure.jackson.JacksonAutoConfiguration, org.springframework.boot.autoconfigure.jsonb.JsonbAutoConfiguration, org.springframework.boot.autoconfigure.mustache.MustacheAutoConfiguration, org.springframework.boot.autoconfigure.task.TaskExecutionAutoConfiguration, org.springframework.boot.autoconfigure.thymeleaf.ThymeleafAutoConfiguration, org.springframework.boot.autoconfigure.validation.ValidationAutoConfiguration, org.springframework.boot.autoconfigure.web.servlet.error.ErrorMvcAutoConfiguration, org.springframework.boot.autoconfigure.web.servlet.WebMvcAutoConfiguration, org.springframework.boot.test.autoconfigure.web.servlet.MockMvcAutoConfiguration, org.springframework.boot.test.autoconfigure.web.servlet.MockMvcSecurityAutoConfiguration, org.springframework.boot.test.autoconfigure.web.servlet.MockMvcWebClientAutoConfiguration, org.springframework.boot.test.autoconfigure.web.servlet.MockMvcWebDriverAutoConfiguration]], org.springframework.boot.test.context.filter.ExcludeFilterContextCustomizer@6bf67d45, org.springframework.boot.test.json.DuplicateJsonObjectContextCustomizerFactory$DuplicateJsonObjectContextCustomizer@7a58dc3, org.springframework.boot.test.mock.mockito.MockitoContextCustomizer@0], resourceBasePath = '', contextLoader = 'org.springframework.boot.test.context.SpringBootContextLoader', parent = [null]], attributes = map[[empty]]], class annotated with @DirtiesContext [false] with mode [null].
16:33:09.907 [Test worker] DEBUG org.springframework.test.annotation.ProfileValueUtils - Retrieved @ProfileValueSourceConfiguration [null] for test class [com.ceiba.core.controlador.ComandoControladorHistorialTest]
16:33:09.908 [Test worker] DEBUG org.springframework.test.annotation.ProfileValueUtils - Retrieved ProfileValueSource type [class org.springframework.test.annotation.SystemProfileValueSource] for class [com.ceiba.core.controlador.ComandoControladorHistorialTest]
16:33:09.931 [Test worker] DEBUG org.springframework.test.context.support.DependencyInjectionTestExecutionListener - Performing dependency injection for test context [[DefaultTestContext@162578c4 testClass = ComandoControladorHistorialTest, testInstance = com.ceiba.core.controlador.ComandoControladorHistorialTest@34a15301, testMethod = [null], testException = [null], mergedContextConfiguration = [WebMergedContextConfiguration@71fba6ab testClass = ComandoControladorHistorialTest, locations = '{}', classes = '{class com.ceiba.core.ApplicationMock}', contextInitializerClasses = '[]', activeProfiles = '{}', propertySourceLocations = '{}', propertySourceProperties = '{org.springframework.boot.test.autoconfigure.web.servlet.WebMvcTestContextBootstrapper=true}', contextCustomizers = set[org.springframework.boot.test.autoconfigure.OverrideAutoConfigurationContextCustomizerFactory$DisableAutoConfigurationContextCustomizer@67a34109, org.springframework.boot.test.autoconfigure.filter.TypeExcludeFiltersContextCustomizer@12adac38, org.springframework.boot.test.autoconfigure.properties.PropertyMappingContextCustomizer@d36e7626, org.springframework.boot.test.autoconfigure.web.servlet.WebDriverContextCustomizerFactory$Customizer@2b3e4439, [ImportsContextCustomizer@470b26be key = [org.springframework.boot.autoconfigure.cache.CacheAutoConfiguration, org.springframework.boot.autoconfigure.context.MessageSourceAutoConfiguration, org.springframework.boot.autoconfigure.data.web.SpringDataWebAutoConfiguration, org.springframework.boot.autoconfigure.freemarker.FreeMarkerAutoConfiguration, org.springframework.boot.autoconfigure.groovy.template.GroovyTemplateAutoConfiguration, org.springframework.boot.autoconfigure.gson.GsonAutoConfiguration, org.springframework.boot.autoconfigure.hateoas.HypermediaAutoConfiguration, org.springframework.boot.autoconfigure.http.HttpMessageConvertersAutoConfiguration, org.springframework.boot.autoconfigure.jackson.JacksonAutoConfiguration, org.springframework.boot.autoconfigure.jsonb.JsonbAutoConfiguration, org.springframework.boot.autoconfigure.mustache.MustacheAutoConfiguration, org.springframework.boot.autoconfigure.task.TaskExecutionAutoConfiguration, org.springframework.boot.autoconfigure.thymeleaf.ThymeleafAutoConfiguration, org.springframework.boot.autoconfigure.validation.ValidationAutoConfiguration, org.springframework.boot.autoconfigure.web.servlet.error.ErrorMvcAutoConfiguration, org.springframework.boot.autoconfigure.web.servlet.WebMvcAutoConfiguration, org.springframework.boot.test.autoconfigure.web.servlet.MockMvcAutoConfiguration, org.springframework.boot.test.autoconfigure.web.servlet.MockMvcSecurityAutoConfiguration, org.springframework.boot.test.autoconfigure.web.servlet.MockMvcWebClientAutoConfiguration, org.springframework.boot.test.autoconfigure.web.servlet.MockMvcWebDriverAutoConfiguration]], org.springframework.boot.test.context.filter.ExcludeFilterContextCustomizer@6bf67d45, org.springframework.boot.test.json.DuplicateJsonObjectContextCustomizerFactory$DuplicateJsonObjectContextCustomizer@7a58dc3, org.springframework.boot.test.mock.mockito.MockitoContextCustomizer@0], resourceBasePath = '', contextLoader = 'org.springframework.boot.test.context.SpringBootContextLoader', parent = [null]], attributes = map[[empty]]]].
16:33:10.424 [Test worker] DEBUG org.springframework.test.context.support.TestPropertySourceUtils - Adding inlined properties to environment: {spring.jmx.enabled=false, org.springframework.boot.test.autoconfigure.web.servlet.WebMvcTestContextBootstrapper=true, server.port=-1}

  .   ____          _            __ _ _
 /\\ / ___'_ __ _ _(_)_ __  __ _ \ \ \ \
( ( )\___ | '_ | '_| | '_ \/ _` | \ \ \ \
 \\/  ___)| |_)| | | | | || (_| |  ) ) ) )
  '  |____| .__|_| |_|_| |_\__, | / / / /
 =========|_|==============|___/=/_/_/_/
 :: Spring Boot ::        (v2.1.2.RELEASE)

2019-06-05 16:33:12.171  INFO 3520 --- [    Test worker] c.c.c.c.ComandoControladorHistorialTest  : Starting ComandoControladorHistorialTest on JESUS-GOMEZ with PID 3520 (started by jesus.gomez in C:\Users\jesus.gomez\eclipse-workspace\estacionamiento_adn_ceiba\parqueadero\comando\comando-infraestructura)
2019-06-05 16:33:12.189  INFO 3520 --- [    Test worker] c.c.c.c.ComandoControladorHistorialTest  : No active profile set, falling back to default profiles: default
2019-06-05 16:33:16.464  INFO 3520 --- [    Test worker] com.zaxxer.hikari.HikariDataSource       : pool - Starting...
2019-06-05 16:33:17.007  INFO 3520 --- [    Test worker] com.zaxxer.hikari.HikariDataSource       : pool - Start completed.
2019-06-05 16:33:19.061  INFO 3520 --- [    Test worker] pertySourcedRequestMappingHandlerMapping : Mapped URL path [/v2/api-docs] onto method [public org.springframework.http.ResponseEntity<springfox.documentation.spring.web.json.Json> springfox.documentation.swagger2.web.Swagger2Controller.getDocumentation(java.lang.String,javax.servlet.http.HttpServletRequest)]
2019-06-05 16:33:19.113  INFO 3520 --- [    Test worker] o.s.j.d.e.EmbeddedDatabaseFactory        : Starting embedded database: url='jdbc:h2:mem:testdb;DB_CLOSE_DELAY=-1;DB_CLOSE_ON_EXIT=false', username='sa'
2019-06-05 16:33:19.229  INFO 3520 --- [    Test worker] o.f.c.internal.license.VersionPrinter    : Flyway Community Edition 5.2.1 by Boxfuse
2019-06-05 16:33:19.286  INFO 3520 --- [    Test worker] o.f.c.internal.database.DatabaseFactory  : Database: jdbc:h2:mem:testdb (H2 1.4)
2019-06-05 16:33:19.478  INFO 3520 --- [    Test worker] o.f.core.internal.command.DbValidate     : Successfully validated 2 migrations (execution time 00:00.037s)
2019-06-05 16:33:19.496  INFO 3520 --- [    Test worker] o.f.c.i.s.JdbcTableSchemaHistory         : Creating Schema History table: "PUBLIC"."flyway_schema_history"
2019-06-05 16:33:19.558  INFO 3520 --- [    Test worker] o.f.core.internal.command.DbMigrate      : Current version of schema "PUBLIC": << Empty Schema >>
2019-06-05 16:33:19.560  INFO 3520 --- [    Test worker] o.f.core.internal.command.DbMigrate      : Migrating schema "PUBLIC" to version 1.0 - schemas
2019-06-05 16:33:19.610  INFO 3520 --- [    Test worker] o.f.core.internal.command.DbMigrate      : Migrating schema "PUBLIC" to version 1.1 - data
2019-06-05 16:33:19.627  INFO 3520 --- [    Test worker] o.f.core.internal.command.DbMigrate      : Successfully applied 2 migrations to schema "PUBLIC" (execution time 00:00.132s)
2019-06-05 16:33:20.195  INFO 3520 --- [    Test worker] o.s.s.concurrent.ThreadPoolTaskExecutor  : Initializing ExecutorService 'applicationTaskExecutor'
2019-06-05 16:33:20.902  INFO 3520 --- [    Test worker] o.s.b.t.m.w.SpringBootMockServletContext : Initializing Spring TestDispatcherServlet ''
2019-06-05 16:33:20.903  INFO 3520 --- [    Test worker] o.s.t.web.servlet.TestDispatcherServlet  : Initializing Servlet ''
2019-06-05 16:33:20.931  INFO 3520 --- [    Test worker] o.s.t.web.servlet.TestDispatcherServlet  : Completed initialization in 28 ms
2019-06-05 16:33:21.029  INFO 3520 --- [    Test worker] d.s.w.p.DocumentationPluginsBootstrapper : Context refreshed
2019-06-05 16:33:21.120  INFO 3520 --- [    Test worker] d.s.w.p.DocumentationPluginsBootstrapper : Found 1 custom documentation plugin(s)
2019-06-05 16:33:21.226  INFO 3520 --- [    Test worker] s.d.s.w.s.ApiListingReferenceScanner     : Scanning for api listing references
2019-06-05 16:33:21.717  INFO 3520 --- [    Test worker] .d.s.w.r.o.CachingOperationNameGenerator : Generating unique operation named: actualizarUsingPUT_1
2019-06-05 16:33:21.725  INFO 3520 --- [    Test worker] .d.s.w.r.o.CachingOperationNameGenerator : Generating unique operation named: crearUsingPOST_1
2019-06-05 16:33:21.731  INFO 3520 --- [    Test worker] .d.s.w.r.o.CachingOperationNameGenerator : Generating unique operation named: eliminarUsingDELETE_1
2019-06-05 16:33:21.787  INFO 3520 --- [    Test worker] c.c.c.c.ComandoControladorHistorialTest  : Started ComandoControladorHistorialTest in 11.334 seconds (JVM running for 15.264)
]]></system-out>
  <system-err><![CDATA[]]></system-err>
</testsuite>
