<?xml version="1.0" encoding="UTF-8"?>
<testsuite name="com.ceiba.core.controlador.ComandoControladorVehiculoTest" tests="3" skipped="0" failures="0" errors="0" timestamp="2019-06-07T09:29:21" hostname="Jesus-PC" time="0.057">
  <properties/>
  <testcase name="actualizar" classname="com.ceiba.core.controlador.ComandoControladorVehiculoTest" time="0.025"/>
  <testcase name="crear" classname="com.ceiba.core.controlador.ComandoControladorVehiculoTest" time="0.015"/>
  <testcase name="eliminar" classname="com.ceiba.core.controlador.ComandoControladorVehiculoTest" time="0.013"/>
  <system-out><![CDATA[2019-06-07 04:29:17.943  INFO 11652 --- [    Test worker] o.s.t.c.support.AbstractContextLoader    : Could not detect default resource locations for test class [com.ceiba.core.controlador.ComandoControladorVehiculoTest]: no resource found for suffixes {-context.xml, Context.groovy}.
2019-06-07 04:29:17.962  INFO 11652 --- [    Test worker] .b.t.a.w.s.WebMvcTestContextBootstrapper : Loaded default TestExecutionListener class names from location [META-INF/spring.factories]: [org.springframework.boot.test.autoconfigure.restdocs.RestDocsTestExecutionListener, org.springframework.boot.test.autoconfigure.web.client.MockRestServiceServerResetTestExecutionListener, org.springframework.boot.test.autoconfigure.web.servlet.MockMvcPrintOnlyOnFailureTestExecutionListener, org.springframework.boot.test.autoconfigure.web.servlet.WebDriverTestExecutionListener, org.springframework.boot.test.mock.mockito.MockitoTestExecutionListener, org.springframework.boot.test.mock.mockito.ResetMocksTestExecutionListener, org.springframework.test.context.web.ServletTestExecutionListener, org.springframework.test.context.support.DirtiesContextBeforeModesTestExecutionListener, org.springframework.test.context.support.DependencyInjectionTestExecutionListener, org.springframework.test.context.support.DirtiesContextTestExecutionListener, org.springframework.test.context.transaction.TransactionalTestExecutionListener, org.springframework.test.context.jdbc.SqlScriptsTestExecutionListener]
2019-06-07 04:29:17.965  INFO 11652 --- [    Test worker] .b.t.a.w.s.WebMvcTestContextBootstrapper : Using TestExecutionListeners: [org.springframework.test.context.web.ServletTestExecutionListener@1a3b5401, org.springframework.test.context.support.DirtiesContextBeforeModesTestExecutionListener@12e48e81, org.springframework.boot.test.mock.mockito.MockitoTestExecutionListener@7d3b94ce, org.springframework.boot.test.autoconfigure.SpringBootDependencyInjectionTestExecutionListener@2926d643, org.springframework.test.context.support.DirtiesContextTestExecutionListener@697d143a, org.springframework.test.context.transaction.TransactionalTestExecutionListener@5fdb1f12, org.springframework.test.context.jdbc.SqlScriptsTestExecutionListener@7e677dc3, org.springframework.boot.test.autoconfigure.restdocs.RestDocsTestExecutionListener@61ec3882, org.springframework.boot.test.autoconfigure.web.client.MockRestServiceServerResetTestExecutionListener@60313c41, org.springframework.boot.test.autoconfigure.web.servlet.MockMvcPrintOnlyOnFailureTestExecutionListener@67158cda, org.springframework.boot.test.autoconfigure.web.servlet.WebDriverTestExecutionListener@22597c9e, org.springframework.boot.test.mock.mockito.ResetMocksTestExecutionListener@22f1787f]

  .   ____          _            __ _ _
 /\\ / ___'_ __ _ _(_)_ __  __ _ \ \ \ \
( ( )\___ | '_ | '_| | '_ \/ _` | \ \ \ \
 \\/  ___)| |_)| | | | | || (_| |  ) ) ) )
  '  |____| .__|_| |_|_| |_\__, | / / / /
 =========|_|==============|___/=/_/_/_/
 :: Spring Boot ::        (v2.1.2.RELEASE)

2019-06-07 04:29:18.064  INFO 11652 --- [    Test worker] c.c.c.c.ComandoControladorVehiculoTest   : Starting ComandoControladorVehiculoTest on Jesus-PC with PID 11652 (started by Jesus Gomez in C:\Users\Jesus Gomez\eclipse-workspace\estacionamiento_adn_ceiba\parqueadero\comando\comando-infraestructura)
2019-06-07 04:29:18.069  INFO 11652 --- [    Test worker] c.c.c.c.ComandoControladorVehiculoTest   : No active profile set, falling back to default profiles: default
2019-06-07 04:29:19.125  INFO 11652 --- [    Test worker] com.zaxxer.hikari.HikariDataSource       : pool - Starting...
2019-06-07 04:29:19.131  INFO 11652 --- [    Test worker] com.zaxxer.hikari.HikariDataSource       : pool - Start completed.
2019-06-07 04:29:20.255  INFO 11652 --- [    Test worker] pertySourcedRequestMappingHandlerMapping : Mapped URL path [/v2/api-docs] onto method [public org.springframework.http.ResponseEntity<springfox.documentation.spring.web.json.Json> springfox.documentation.swagger2.web.Swagger2Controller.getDocumentation(java.lang.String,javax.servlet.http.HttpServletRequest)]
2019-06-07 04:29:20.262  INFO 11652 --- [    Test worker] o.s.j.d.e.EmbeddedDatabaseFactory        : Starting embedded database: url='jdbc:h2:mem:testdb;DB_CLOSE_DELAY=-1;DB_CLOSE_ON_EXIT=false', username='sa'
2019-06-07 04:29:20.276  INFO 11652 --- [    Test worker] o.f.c.internal.database.DatabaseFactory  : Database: jdbc:h2:mem:testdb (H2 1.4)
2019-06-07 04:29:20.301  INFO 11652 --- [    Test worker] o.f.core.internal.command.DbValidate     : Successfully validated 2 migrations (execution time 00:00.010s)
2019-06-07 04:29:20.311  INFO 11652 --- [    Test worker] o.f.core.internal.command.DbMigrate      : Current version of schema "PUBLIC": 1.1
2019-06-07 04:29:20.312  INFO 11652 --- [    Test worker] o.f.core.internal.command.DbMigrate      : Schema "PUBLIC" is up to date. No migration necessary.
2019-06-07 04:29:20.684  INFO 11652 --- [    Test worker] o.s.s.concurrent.ThreadPoolTaskExecutor  : Initializing ExecutorService 'applicationTaskExecutor'
2019-06-07 04:29:21.105  INFO 11652 --- [    Test worker] o.s.b.t.m.w.SpringBootMockServletContext : Initializing Spring TestDispatcherServlet ''
2019-06-07 04:29:21.106  INFO 11652 --- [    Test worker] o.s.t.web.servlet.TestDispatcherServlet  : Initializing Servlet ''
2019-06-07 04:29:21.133  INFO 11652 --- [    Test worker] o.s.t.web.servlet.TestDispatcherServlet  : Completed initialization in 27 ms
2019-06-07 04:29:21.188  INFO 11652 --- [    Test worker] d.s.w.p.DocumentationPluginsBootstrapper : Context refreshed
2019-06-07 04:29:21.190  INFO 11652 --- [    Test worker] d.s.w.p.DocumentationPluginsBootstrapper : Found 1 custom documentation plugin(s)
2019-06-07 04:29:21.206  INFO 11652 --- [    Test worker] s.d.s.w.s.ApiListingReferenceScanner     : Scanning for api listing references
2019-06-07 04:29:21.298  INFO 11652 --- [    Test worker] .d.s.w.r.o.CachingOperationNameGenerator : Generating unique operation named: actualizarUsingPUT_1
2019-06-07 04:29:21.307  INFO 11652 --- [    Test worker] .d.s.w.r.o.CachingOperationNameGenerator : Generating unique operation named: crearUsingPOST_1
2019-06-07 04:29:21.337  INFO 11652 --- [    Test worker] .d.s.w.r.o.CachingOperationNameGenerator : Generating unique operation named: eliminarUsingDELETE_1
2019-06-07 04:29:21.344  INFO 11652 --- [    Test worker] c.c.c.c.ComandoControladorVehiculoTest   : Started ComandoControladorVehiculoTest in 3.371 seconds (JVM running for 24.738)
]]></system-out>
  <system-err><![CDATA[]]></system-err>
</testsuite>
