<?xml version="1.0" encoding="UTF-8"?>
<testsuite name="com.ceiba.core.controlador.ComandoControladorVehiculoTest" tests="3" skipped="0" failures="0" errors="0" timestamp="2019-06-07T13:13:19" hostname="JESUS-GOMEZ" time="0.056">
  <properties/>
  <testcase name="actualizar" classname="com.ceiba.core.controlador.ComandoControladorVehiculoTest" time="0.029"/>
  <testcase name="crear" classname="com.ceiba.core.controlador.ComandoControladorVehiculoTest" time="0.013"/>
  <testcase name="eliminar" classname="com.ceiba.core.controlador.ComandoControladorVehiculoTest" time="0.011"/>
  <system-out><![CDATA[2019-06-07 08:13:16.493  INFO 11652 --- [    Test worker] o.s.t.c.support.AbstractContextLoader    : Could not detect default resource locations for test class [com.ceiba.core.controlador.ComandoControladorVehiculoTest]: no resource found for suffixes {-context.xml, Context.groovy}.
2019-06-07 08:13:16.501  INFO 11652 --- [    Test worker] .b.t.a.w.s.WebMvcTestContextBootstrapper : Loaded default TestExecutionListener class names from location [META-INF/spring.factories]: [org.springframework.boot.test.autoconfigure.restdocs.RestDocsTestExecutionListener, org.springframework.boot.test.autoconfigure.web.client.MockRestServiceServerResetTestExecutionListener, org.springframework.boot.test.autoconfigure.web.servlet.MockMvcPrintOnlyOnFailureTestExecutionListener, org.springframework.boot.test.autoconfigure.web.servlet.WebDriverTestExecutionListener, org.springframework.boot.test.mock.mockito.MockitoTestExecutionListener, org.springframework.boot.test.mock.mockito.ResetMocksTestExecutionListener, org.springframework.test.context.web.ServletTestExecutionListener, org.springframework.test.context.support.DirtiesContextBeforeModesTestExecutionListener, org.springframework.test.context.support.DependencyInjectionTestExecutionListener, org.springframework.test.context.support.DirtiesContextTestExecutionListener, org.springframework.test.context.transaction.TransactionalTestExecutionListener, org.springframework.test.context.jdbc.SqlScriptsTestExecutionListener]
2019-06-07 08:13:16.502  INFO 11652 --- [    Test worker] .b.t.a.w.s.WebMvcTestContextBootstrapper : Using TestExecutionListeners: [org.springframework.test.context.web.ServletTestExecutionListener@3180eafc, org.springframework.test.context.support.DirtiesContextBeforeModesTestExecutionListener@2b9b31ce, org.springframework.boot.test.mock.mockito.MockitoTestExecutionListener@6d58d463, org.springframework.boot.test.autoconfigure.SpringBootDependencyInjectionTestExecutionListener@c305db2, org.springframework.test.context.support.DirtiesContextTestExecutionListener@3a5191c2, org.springframework.test.context.transaction.TransactionalTestExecutionListener@4836c207, org.springframework.test.context.jdbc.SqlScriptsTestExecutionListener@63e6fcae, org.springframework.boot.test.autoconfigure.restdocs.RestDocsTestExecutionListener@6d35e0ad, org.springframework.boot.test.autoconfigure.web.client.MockRestServiceServerResetTestExecutionListener@5b5cb348, org.springframework.boot.test.autoconfigure.web.servlet.MockMvcPrintOnlyOnFailureTestExecutionListener@258474de, org.springframework.boot.test.autoconfigure.web.servlet.WebDriverTestExecutionListener@71d3ff4c, org.springframework.boot.test.mock.mockito.ResetMocksTestExecutionListener@33214953]

  .   ____          _            __ _ _
 /\\ / ___'_ __ _ _(_)_ __  __ _ \ \ \ \
( ( )\___ | '_ | '_| | '_ \/ _` | \ \ \ \
 \\/  ___)| |_)| | | | | || (_| |  ) ) ) )
  '  |____| .__|_| |_|_| |_\__, | / / / /
 =========|_|==============|___/=/_/_/_/
 :: Spring Boot ::        (v2.1.2.RELEASE)

2019-06-07 08:13:16.571  INFO 11652 --- [    Test worker] c.c.c.c.ComandoControladorVehiculoTest   : Starting ComandoControladorVehiculoTest on JESUS-GOMEZ with PID 11652 (started by jesus.gomez in C:\Users\jesus.gomez\eclipse-workspace\estacionamiento_adn_ceiba\parqueadero\comando\comando-infraestructura)
2019-06-07 08:13:16.574  INFO 11652 --- [    Test worker] c.c.c.c.ComandoControladorVehiculoTest   : No active profile set, falling back to default profiles: default
2019-06-07 08:13:17.477  INFO 11652 --- [    Test worker] com.zaxxer.hikari.HikariDataSource       : pool - Starting...
2019-06-07 08:13:17.480  INFO 11652 --- [    Test worker] com.zaxxer.hikari.HikariDataSource       : pool - Start completed.
2019-06-07 08:13:18.400  INFO 11652 --- [    Test worker] pertySourcedRequestMappingHandlerMapping : Mapped URL path [/v2/api-docs] onto method [public org.springframework.http.ResponseEntity<springfox.documentation.spring.web.json.Json> springfox.documentation.swagger2.web.Swagger2Controller.getDocumentation(java.lang.String,javax.servlet.http.HttpServletRequest)]
2019-06-07 08:13:18.407  INFO 11652 --- [    Test worker] o.s.j.d.e.EmbeddedDatabaseFactory        : Starting embedded database: url='jdbc:h2:mem:testdb;DB_CLOSE_DELAY=-1;DB_CLOSE_ON_EXIT=false', username='sa'
2019-06-07 08:13:18.424  INFO 11652 --- [    Test worker] o.f.c.internal.database.DatabaseFactory  : Database: jdbc:h2:mem:testdb (H2 1.4)
2019-06-07 08:13:18.463  INFO 11652 --- [    Test worker] o.f.core.internal.command.DbValidate     : Successfully validated 2 migrations (execution time 00:00.010s)
2019-06-07 08:13:18.470  INFO 11652 --- [    Test worker] o.f.core.internal.command.DbMigrate      : Current version of schema "PUBLIC": 1.1
2019-06-07 08:13:18.471  INFO 11652 --- [    Test worker] o.f.core.internal.command.DbMigrate      : Schema "PUBLIC" is up to date. No migration necessary.
2019-06-07 08:13:18.740  INFO 11652 --- [    Test worker] o.s.s.concurrent.ThreadPoolTaskExecutor  : Initializing ExecutorService 'applicationTaskExecutor'
2019-06-07 08:13:19.076  INFO 11652 --- [    Test worker] o.s.b.t.m.w.SpringBootMockServletContext : Initializing Spring TestDispatcherServlet ''
2019-06-07 08:13:19.077  INFO 11652 --- [    Test worker] o.s.t.web.servlet.TestDispatcherServlet  : Initializing Servlet ''
2019-06-07 08:13:19.092  INFO 11652 --- [    Test worker] o.s.t.web.servlet.TestDispatcherServlet  : Completed initialization in 15 ms
2019-06-07 08:13:19.142  INFO 11652 --- [    Test worker] d.s.w.p.DocumentationPluginsBootstrapper : Context refreshed
2019-06-07 08:13:19.144  INFO 11652 --- [    Test worker] d.s.w.p.DocumentationPluginsBootstrapper : Found 1 custom documentation plugin(s)
2019-06-07 08:13:19.159  INFO 11652 --- [    Test worker] s.d.s.w.s.ApiListingReferenceScanner     : Scanning for api listing references
2019-06-07 08:13:19.211  INFO 11652 --- [    Test worker] .d.s.w.r.o.CachingOperationNameGenerator : Generating unique operation named: actualizarUsingPUT_1
2019-06-07 08:13:19.215  INFO 11652 --- [    Test worker] .d.s.w.r.o.CachingOperationNameGenerator : Generating unique operation named: crearUsingPOST_1
2019-06-07 08:13:19.222  INFO 11652 --- [    Test worker] .d.s.w.r.o.CachingOperationNameGenerator : Generating unique operation named: eliminarUsingDELETE_1
2019-06-07 08:13:19.233  INFO 11652 --- [    Test worker] c.c.c.c.ComandoControladorVehiculoTest   : Started ComandoControladorVehiculoTest in 2.725 seconds (JVM running for 20.44)
]]></system-out>
  <system-err><![CDATA[]]></system-err>
</testsuite>
