<?xml version="1.0" encoding="UTF-8"?>
<testsuite name="com.ceiba.core.servicio.vehiculo.ServicioCrearVehiculoTest" tests="6" skipped="0" failures="0" errors="0" timestamp="2019-06-07T09:28:46" hostname="Jesus-PC" time="0.068">
  <properties/>
  <testcase name="validarPlacaLongitud6Test" classname="com.ceiba.core.servicio.vehiculo.ServicioCrearVehiculoTest" time="0.002"/>
  <testcase name="validarIngresarTipo" classname="com.ceiba.core.servicio.vehiculo.ServicioCrearVehiculoTest" time="0.002"/>
  <testcase name="validarIngresarModelo" classname="com.ceiba.core.servicio.vehiculo.ServicioCrearVehiculoTest" time="0.001"/>
  <testcase name="validarVehiculoExistenciaPreviaTest" classname="com.ceiba.core.servicio.vehiculo.ServicioCrearVehiculoTest" time="0.045"/>
  <testcase name="validarIngresarMarca" classname="com.ceiba.core.servicio.vehiculo.ServicioCrearVehiculoTest" time="0.003"/>
  <testcase name="validarIngresarPlaca" classname="com.ceiba.core.servicio.vehiculo.ServicioCrearVehiculoTest" time="0.006"/>
  <system-out><![CDATA[]]></system-out>
  <system-err><![CDATA[]]></system-err>
</testsuite>
