<?xml version="1.0" encoding="UTF-8"?>
<testsuite name="com.ceiba.core.servicio.vehiculo.ServicioCrearVehiculoTest" tests="2" skipped="0" failures="0" errors="0" timestamp="2019-06-04T14:43:39" hostname="JESUS-GOMEZ" time="0.068">
  <properties/>
  <testcase name="validarPlacaLongitud6Test" classname="com.ceiba.core.servicio.vehiculo.ServicioCrearVehiculoTest" time="0.044"/>
  <testcase name="validarUsuarioExistenciaPreviaTest" classname="com.ceiba.core.servicio.vehiculo.ServicioCrearVehiculoTest" time="0.008"/>
  <system-out><![CDATA[]]></system-out>
  <system-err><![CDATA[]]></system-err>
</testsuite>
