<?xml version="1.0" encoding="UTF-8"?>
<testsuite name="com.ceiba.core.servicio.historial.ServicioActualizarHistorialTest" tests="15" skipped="0" failures="0" errors="0" timestamp="2019-06-12T15:10:16" hostname="JESUS-GOMEZ" time="0.818">
  <properties/>
  <testcase name="calcularPago9horasMotoTest" classname="com.ceiba.core.servicio.historial.ServicioActualizarHistorialTest" time="0.76"/>
  <testcase name="calcularPago1Dia3horasAutoTest" classname="com.ceiba.core.servicio.historial.ServicioActualizarHistorialTest" time="0.016"/>
  <testcase name="obtenerHorasTranscurridas5SegundosTest" classname="com.ceiba.core.servicio.historial.ServicioActualizarHistorialTest" time="0.005"/>
  <testcase name="calcularPago8horasMotoTest" classname="com.ceiba.core.servicio.historial.ServicioActualizarHistorialTest" time="0.002"/>
  <testcase name="calcularPago1DiaAutoTest" classname="com.ceiba.core.servicio.historial.ServicioActualizarHistorialTest" time="0.002"/>
  <testcase name="obtenerHorasTranscurridas7Horas5MinutosTest" classname="com.ceiba.core.servicio.historial.ServicioActualizarHistorialTest" time="0.003"/>
  <testcase name="obtenerHorasTranscurridas0SegundosTest" classname="com.ceiba.core.servicio.historial.ServicioActualizarHistorialTest" time="0.001"/>
  <testcase name="calcularPago9horasAutoTest" classname="com.ceiba.core.servicio.historial.ServicioActualizarHistorialTest" time="0.001"/>
  <testcase name="calcularPago30DiasAutoTest" classname="com.ceiba.core.servicio.historial.ServicioActualizarHistorialTest" time="0.002"/>
  <testcase name="validarSiEsAutoTest" classname="com.ceiba.core.servicio.historial.ServicioActualizarHistorialTest" time="0.001"/>
  <testcase name="calcularPago1DiaMotoConCilindraje600Test" classname="com.ceiba.core.servicio.historial.ServicioActualizarHistorialTest" time="0.002"/>
  <testcase name="calcularPago8horasAutoTest" classname="com.ceiba.core.servicio.historial.ServicioActualizarHistorialTest" time="0.002"/>
  <testcase name="obtenerHorasTranscurridas24HorasTest" classname="com.ceiba.core.servicio.historial.ServicioActualizarHistorialTest" time="0.002"/>
  <testcase name="calcularPago1DiaMotoTest" classname="com.ceiba.core.servicio.historial.ServicioActualizarHistorialTest" time="0.001"/>
  <testcase name="obtenerHorasTranscurridas7HorasTest" classname="com.ceiba.core.servicio.historial.ServicioActualizarHistorialTest" time="0.002"/>
  <system-out><![CDATA[]]></system-out>
  <system-err><![CDATA[]]></system-err>
</testsuite>
