<?xml version="1.0" encoding="UTF-8"?>
<testsuite name="com.ceiba.core.servicio.historial.ServicioCrearHistorialTest" tests="9" skipped="0" failures="0" errors="0" timestamp="2019-06-10T19:59:17" hostname="JESUS-GOMEZ" time="0.041">
  <properties/>
  <testcase name="validarSiEsDomingoTest" classname="com.ceiba.core.servicio.historial.ServicioCrearHistorialTest" time="0.005"/>
  <testcase name="validarDiaNoHabilTest" classname="com.ceiba.core.servicio.historial.ServicioCrearHistorialTest" time="0.012"/>
  <testcase name="validarCuposDisponiblesMotoTest" classname="com.ceiba.core.servicio.historial.ServicioCrearHistorialTest" time="0.003"/>
  <testcase name="validarSiEsAutoTest" classname="com.ceiba.core.servicio.historial.ServicioCrearHistorialTest" time="0.003"/>
  <testcase name="validarLetraTest" classname="com.ceiba.core.servicio.historial.ServicioCrearHistorialTest" time="0.001"/>
  <testcase name="validarVehiculoParqueadoTest" classname="com.ceiba.core.servicio.historial.ServicioCrearHistorialTest" time="0.008"/>
  <testcase name="validarHistorialExistentePrevioTest" classname="com.ceiba.core.servicio.historial.ServicioCrearHistorialTest" time="0.002"/>
  <testcase name="validarCuposDisponiblesAutoTest" classname="com.ceiba.core.servicio.historial.ServicioCrearHistorialTest" time="0.001"/>
  <testcase name="validarIngresarPlacaTest" classname="com.ceiba.core.servicio.historial.ServicioCrearHistorialTest" time="0.001"/>
  <system-out><![CDATA[]]></system-out>
  <system-err><![CDATA[]]></system-err>
</testsuite>
