<?xml version="1.0" encoding="UTF-8"?>
<testsuite name="com.ceiba.core.servicio.vehiculo.ServicioActualizarUsuarioTest" tests="1" skipped="0" failures="0" errors="0" timestamp="2019-06-04T14:43:38" hostname="JESUS-GOMEZ" time="0.446">
  <properties/>
  <testcase name="validarUsuarioExistenciaPreviaTest" classname="com.ceiba.core.servicio.vehiculo.ServicioActualizarUsuarioTest" time="0.446"/>
  <system-out><![CDATA[]]></system-out>
  <system-err><![CDATA[]]></system-err>
</testsuite>
