<?xml version="1.0" encoding="UTF-8"?>
<testsuite name="com.ceiba.core.servicio.vehiculo.ServicioCrearVehiculoTest" tests="2" skipped="0" failures="0" errors="0" timestamp="2019-05-30T20:00:24" hostname="JESUS-GOMEZ" time="0.012">
  <properties/>
  <testcase name="validarPlacaLongitud6Test" classname="com.ceiba.core.servicio.vehiculo.ServicioCrearVehiculoTest" time="0.006"/>
  <testcase name="validarUsuarioExistenciaPreviaTest" classname="com.ceiba.core.servicio.vehiculo.ServicioCrearVehiculoTest" time="0.004"/>
  <system-out><![CDATA[]]></system-out>
  <system-err><![CDATA[]]></system-err>
</testsuite>
